2023-03-28T15:16:36.441+0530	ERROR	core/project.go:272	while trying to parse /Users/sashank/librs360-stripe-features/models/inputs.yaml: yaml: unmarshal errors:
  line 5: field timestamp_col not found in type wht.InputDeclSpec
  line 7: field sql not found in type base.IdBuildSpec
  line 11: field timestamp_col not found in type wht.InputDeclSpec
  line 13: field sql not found in type base.IdBuildSpec
  line 15: field sql not found in type base.IdBuildSpec
  line 17: field sql not found in type base.IdBuildSpec
  line 19: field sql not found in type base.IdBuildSpec
  line 23: field timestamp_col not found in type wht.InputDeclSpec
  line 25: field sql not found in type base.IdBuildSpec
  line 27: field sql not found in type base.IdBuildSpec
  line 31: field timestamp_col not found in type wht.InputDeclSpec
  line 33: field sql not found in type base.IdBuildSpec
  line 37: field timestamp_col not found in type wht.InputDeclSpec
  line 39: field sql not found in type base.IdBuildSpec
  line 41: field sql not found in type base.IdBuildSpec
  line 45: field timestamp_col not found in type wht.InputDeclSpec
  line 47: field sql not found in type base.IdBuildSpec
  line 49: field sql not found in type base.IdBuildSpec
  line 53: field timestamp_col not found in type wht.InputDeclSpec
  line 55: field sql not found in type base.IdBuildSpec

2023-03-28T15:16:36.442+0530	ERROR	core/project.go:202	populating from models folders for /Users/sashank/librs360-stripe-features: while trying to parse /Users/sashank/librs360-stripe-features/models/inputs.yaml: yaml: unmarshal errors:
  line 5: field timestamp_col not found in type wht.InputDeclSpec
  line 7: field sql not found in type base.IdBuildSpec
  line 11: field timestamp_col not found in type wht.InputDeclSpec
  line 13: field sql not found in type base.IdBuildSpec
  line 15: field sql not found in type base.IdBuildSpec
  line 17: field sql not found in type base.IdBuildSpec
  line 19: field sql not found in type base.IdBuildSpec
  line 23: field timestamp_col not found in type wht.InputDeclSpec
  line 25: field sql not found in type base.IdBuildSpec
  line 27: field sql not found in type base.IdBuildSpec
  line 31: field timestamp_col not found in type wht.InputDeclSpec
  line 33: field sql not found in type base.IdBuildSpec
  line 37: field timestamp_col not found in type wht.InputDeclSpec
  line 39: field sql not found in type base.IdBuildSpec
  line 41: field sql not found in type base.IdBuildSpec
  line 45: field timestamp_col not found in type wht.InputDeclSpec
  line 47: field sql not found in type base.IdBuildSpec
  line 49: field sql not found in type base.IdBuildSpec
  line 53: field timestamp_col not found in type wht.InputDeclSpec
  line 55: field sql not found in type base.IdBuildSpec

2023-03-28T15:17:19.905+0530	ERROR	core/project.go:272	while trying to parse /Users/sashank/librs360-stripe-features/models/inputs.yaml: yaml: unmarshal errors:
  line 5: field timestamp_col not found in type wht.InputDeclSpec
  line 7: field sql not found in type base.IdBuildSpec
  line 11: field timestamp_col not found in type wht.InputDeclSpec
  line 13: field sql not found in type base.IdBuildSpec
  line 15: field sql not found in type base.IdBuildSpec
  line 17: field sql not found in type base.IdBuildSpec
  line 19: field sql not found in type base.IdBuildSpec
  line 23: field timestamp_col not found in type wht.InputDeclSpec
  line 25: field sql not found in type base.IdBuildSpec
  line 27: field sql not found in type base.IdBuildSpec
  line 31: field timestamp_col not found in type wht.InputDeclSpec
  line 33: field sql not found in type base.IdBuildSpec
  line 37: field timestamp_col not found in type wht.InputDeclSpec
  line 39: field sql not found in type base.IdBuildSpec
  line 41: field sql not found in type base.IdBuildSpec
  line 45: field timestamp_col not found in type wht.InputDeclSpec
  line 47: field sql not found in type base.IdBuildSpec
  line 49: field sql not found in type base.IdBuildSpec
  line 53: field timestamp_col not found in type wht.InputDeclSpec
  line 55: field sql not found in type base.IdBuildSpec

2023-03-28T15:17:19.906+0530	ERROR	core/project.go:202	populating from models folders for /Users/sashank/librs360-stripe-features: while trying to parse /Users/sashank/librs360-stripe-features/models/inputs.yaml: yaml: unmarshal errors:
  line 5: field timestamp_col not found in type wht.InputDeclSpec
  line 7: field sql not found in type base.IdBuildSpec
  line 11: field timestamp_col not found in type wht.InputDeclSpec
  line 13: field sql not found in type base.IdBuildSpec
  line 15: field sql not found in type base.IdBuildSpec
  line 17: field sql not found in type base.IdBuildSpec
  line 19: field sql not found in type base.IdBuildSpec
  line 23: field timestamp_col not found in type wht.InputDeclSpec
  line 25: field sql not found in type base.IdBuildSpec
  line 27: field sql not found in type base.IdBuildSpec
  line 31: field timestamp_col not found in type wht.InputDeclSpec
  line 33: field sql not found in type base.IdBuildSpec
  line 37: field timestamp_col not found in type wht.InputDeclSpec
  line 39: field sql not found in type base.IdBuildSpec
  line 41: field sql not found in type base.IdBuildSpec
  line 45: field timestamp_col not found in type wht.InputDeclSpec
  line 47: field sql not found in type base.IdBuildSpec
  line 49: field sql not found in type base.IdBuildSpec
  line 53: field timestamp_col not found in type wht.InputDeclSpec
  line 55: field sql not found in type base.IdBuildSpec

2023-03-28T15:37:02.521+0530	ERROR	core/project.go:272	while trying to parse /Users/sashank/librs360-stripe-features/models/profiles.yaml: yaml: unmarshal errors:
  line 327: field features not found in type wht.ModelDeclSpec

2023-03-28T15:37:02.522+0530	ERROR	core/project.go:202	populating from models folders for /Users/sashank/librs360-stripe-features: while trying to parse /Users/sashank/librs360-stripe-features/models/profiles.yaml: yaml: unmarshal errors:
  line 327: field features not found in type wht.ModelDeclSpec

2023-03-28T15:37:41.756+0530	ERROR	core/project.go:209	validating project stripe_features: validating model stripe_features: dereferencing ref subscriptions_renewal_count: no matching model found for modelRef stripeInvoicesView in source inputs/

2023-03-28T15:38:34.951+0530	ERROR	core/project.go:209	validating project stripe_features: validating model stripe_features: dereferencing ref subscriptions_renewal_count: no matching model found for modelRef stripeInvoicesView in source inputs/

2023-03-28T15:48:39.775+0530	ERROR	core/project.go:209	validating project stripe_features: validating model stripe_features: dereferencing ref subscriptions_renewal_count: no matching model found for modelRef stripeInvoicesView in source inputs/

2023-03-28T15:51:48.557+0530	ERROR	core/project.go:209	validating project stripe_features: validating model stripe_features: dereferencing ref subscriptions_renewal_count: no matching model found for modelRef stripeInvoicesView in source inputs/

2023-03-28T15:52:53.416+0530	ERROR	core/project.go:209	validating project stripe_features: validating model stripe_features: dereferencing ref subscriptions_renewal_count: no matching model found for modelRef rsStripeInvoicesView in source models/

2023-03-28T15:53:27.230+0530	ERROR	core/project.go:209	validating project stripe_features: validating model stripe_features: no entity var corresponding to feature: subscriptions_renewal_count

2023-03-28T15:59:08.386+0530	ERROR	core/project.go:209	validating project stripe_features: validating model stripe_features: no entity var corresponding to feature: subscriptions_renewal_count

2023-03-28T15:59:30.975+0530	INFO	run/run.go:38	Checking required schema access

2023-03-28T15:59:34.709+0530	ERROR	core/project.go:803	loading project environment dev: fetching seq no to timestamp map: github.com/rudderlabs/wht/core/base.(*WhtProjectEnv).FetchSeqNo2TimeStampMaps getting result list: 000904 (42000): SQL compilation error: error line 2 at position 9
invalid identifier 'SEQ_NO'

2023-03-28T15:59:34.709+0530	ERROR	core/project.go:753	loading project environment dev: fetching seq no to timestamp map: github.com/rudderlabs/wht/core/base.(*WhtProjectEnv).FetchSeqNo2TimeStampMaps getting result list: 000904 (42000): SQL compilation error: error line 2 at position 9
invalid identifier 'SEQ_NO'

2023-03-28T15:59:34.709+0530	ERROR	run/run.go:49	loading project environment dev: fetching seq no to timestamp map: github.com/rudderlabs/wht/core/base.(*WhtProjectEnv).FetchSeqNo2TimeStampMaps getting result list: 000904 (42000): SQL compilation error: error line 2 at position 9
invalid identifier 'SEQ_NO'

2023-03-28T16:35:41.727+0530	INFO	run/run.go:38	Checking required schema access

2023-03-28T16:35:45.563+0530	ERROR	core/project.go:803	loading project environment dev: fetching seq no to timestamp map: github.com/rudderlabs/wht/core/base.(*WhtProjectEnv).FetchSeqNo2TimeStampMaps getting result list: 000904 (42000): SQL compilation error: error line 2 at position 9
invalid identifier 'SEQ_NO'

2023-03-28T16:35:45.563+0530	ERROR	core/project.go:753	loading project environment dev: fetching seq no to timestamp map: github.com/rudderlabs/wht/core/base.(*WhtProjectEnv).FetchSeqNo2TimeStampMaps getting result list: 000904 (42000): SQL compilation error: error line 2 at position 9
invalid identifier 'SEQ_NO'

2023-03-28T16:35:45.563+0530	ERROR	run/run.go:49	loading project environment dev: fetching seq no to timestamp map: github.com/rudderlabs/wht/core/base.(*WhtProjectEnv).FetchSeqNo2TimeStampMaps getting result list: 000904 (42000): SQL compilation error: error line 2 at position 9
invalid identifier 'SEQ_NO'

2023-03-28T16:39:54.933+0530	INFO	run/run.go:38	Checking required schema access

2023-03-28T16:39:58.902+0530	ERROR	core/project.go:803	loading project environment dev: fetching seq no to timestamp map: github.com/rudderlabs/wht/core/base.(*WhtProjectEnv).FetchSeqNo2TimeStampMaps getting result list: 000904 (42000): SQL compilation error: error line 2 at position 9
invalid identifier 'SEQ_NO'

2023-03-28T16:39:58.902+0530	ERROR	core/project.go:753	loading project environment dev: fetching seq no to timestamp map: github.com/rudderlabs/wht/core/base.(*WhtProjectEnv).FetchSeqNo2TimeStampMaps getting result list: 000904 (42000): SQL compilation error: error line 2 at position 9
invalid identifier 'SEQ_NO'

2023-03-28T16:39:58.903+0530	ERROR	run/run.go:49	loading project environment dev: fetching seq no to timestamp map: github.com/rudderlabs/wht/core/base.(*WhtProjectEnv).FetchSeqNo2TimeStampMaps getting result list: 000904 (42000): SQL compilation error: error line 2 at position 9
invalid identifier 'SEQ_NO'

2023-03-28T16:44:08.935+0530	INFO	run/run.go:38	Checking required schema access

2023-03-28T16:44:12.162+0530	ERROR	core/project.go:803	loading project environment dev: fetching seq no to timestamp map: github.com/rudderlabs/wht/core/base.(*WhtProjectEnv).FetchSeqNo2TimeStampMaps getting result list: 000904 (42000): SQL compilation error: error line 2 at position 9
invalid identifier 'SEQ_NO'

2023-03-28T16:44:12.163+0530	ERROR	core/project.go:753	loading project environment dev: fetching seq no to timestamp map: github.com/rudderlabs/wht/core/base.(*WhtProjectEnv).FetchSeqNo2TimeStampMaps getting result list: 000904 (42000): SQL compilation error: error line 2 at position 9
invalid identifier 'SEQ_NO'

2023-03-28T16:44:12.163+0530	ERROR	run/run.go:49	loading project environment dev: fetching seq no to timestamp map: github.com/rudderlabs/wht/core/base.(*WhtProjectEnv).FetchSeqNo2TimeStampMaps getting result list: 000904 (42000): SQL compilation error: error line 2 at position 9
invalid identifier 'SEQ_NO'

2023-03-28T17:09:49.064+0530	INFO	run/run.go:38	Checking required schema access

2023-03-28T17:11:46.622+0530	ERROR	registry/registry.go:162	failed to fetch rows from registry 
Error: 000904 (42000): SQL compilation error: error line 3 at position 2
invalid identifier 'METADATA'

2023-03-28T17:11:46.622+0530	ERROR	base/context.go:148	github.com/rudderlabs/wht/core/base.(*WhtContext).FetchMaterialMetadataFromRegistry fetching registry rows: failed to fetch rows from registry 
Error: 000904 (42000): SQL compilation error: error line 3 at position 2
invalid identifier 'METADATA'

2023-03-28T17:20:11.573+0530	INFO	run/run.go:38	Checking required schema access

2023-03-28T17:22:20.880+0530	INFO	base/interfaces.go:232	Compiled model. Material_rsStripeInvoicesView_d9faa7ee_2 to output/dev/seq_no/2/Material_rsStripeInvoicesView_d9faa7ee_2.sql. 


2023-03-28T17:22:22.176+0530	INFO	base/material.go:238	Skipping run for ephemeral material Material_rsStripeInvoicesView_d9faa7ee_2

2023-03-28T17:22:30.847+0530	INFO	base/interfaces.go:232	Compiled model. Material_stripe_features_6ad0eb36_2 to output/dev/seq_no/2/Material_stripe_features_6ad0eb36_2.sql. 


2023-03-28T17:22:31.868+0530	INFO	base/material.go:262	Preparing material Material_stripe_features_6ad0eb36_2

2023-03-28T17:22:34.299+0530	INFO	base/material.go:238	Skipping run for ephemeral material Material_rsStripeInvoicesView_d9faa7ee_2

2023-03-28T17:22:35.362+0530	INFO	base/material.go:262	Preparing material Material_stripe_id_stitcher_ad5123e2_2

2023-03-28T17:22:46.400+0530	INFO	base/material.go:238	Skipping run for ephemeral material Material_rsStripeInvoicesView_d9faa7ee_2

2023-03-28T17:22:46.693+0530	INFO	base/material.go:299	Running material Material_stripe_id_stitcher_ad5123e2_2

2023-03-28T17:22:47.101+0530	ERROR	base/material.go:304	running material sql Material_stripe_id_stitcher_ad5123e2_2: processing no result iterator: 001003 (42000): SQL compilation error:
syntax error line 171 at position 8 unexpected ')'.
syntax error line 1,608 at position 1 unexpected 'END'.

2023-03-28T17:22:47.102+0530	ERROR	base/material.go:273	github.com/rudderlabs/wht/core/base.(*WhtMaterial).ForceRun running input material Material_stripe_id_stitcher_ad5123e2_2: Material_stripe_id_stitcher_ad5123e2_2 needs to be created but could not be: running material sql Material_stripe_id_stitcher_ad5123e2_2: processing no result iterator: 001003 (42000): SQL compilation error:
syntax error line 171 at position 8 unexpected ')'.
syntax error line 1,608 at position 1 unexpected 'END'.

2023-03-28T17:25:52.596+0530	INFO	run/run.go:38	Checking required schema access

2023-03-28T17:28:02.505+0530	INFO	base/interfaces.go:232	Compiled model. Material_rsStripeInvoicesView_d9faa7ee_3 to output/dev/seq_no/3/Material_rsStripeInvoicesView_d9faa7ee_3.sql. 


2023-03-28T17:28:03.725+0530	INFO	base/material.go:238	Skipping run for ephemeral material Material_rsStripeInvoicesView_d9faa7ee_3

2023-03-28T17:28:13.299+0530	INFO	base/interfaces.go:232	Compiled model. Material_stripe_features_6ad0eb36_3 to output/dev/seq_no/3/Material_stripe_features_6ad0eb36_3.sql. 


2023-03-28T17:28:14.509+0530	INFO	base/material.go:262	Preparing material Material_stripe_features_6ad0eb36_3

2023-03-28T17:28:14.510+0530	INFO	base/material.go:238	Skipping run for ephemeral material Material_rsStripeInvoicesView_d9faa7ee_3

2023-03-28T17:28:15.523+0530	INFO	base/material.go:262	Preparing material Material_stripe_id_stitcher_ad5123e2_3

2023-03-28T17:28:25.335+0530	INFO	base/material.go:238	Skipping run for ephemeral material Material_rsStripeInvoicesView_d9faa7ee_3

2023-03-28T17:28:30.597+0530	INFO	base/material.go:299	Running material Material_stripe_id_stitcher_ad5123e2_3

2023-03-28T17:29:02.940+0530	INFO	base/material.go:299	Running material Material_stripe_features_6ad0eb36_3

2023-03-28T17:29:46.732+0530	ERROR	base/material.go:304	running material sql Material_stripe_features_6ad0eb36_3: processing no result iterator: 100035 (22007): Uncaught exception of type 'STATEMENT_ERROR' on line 1008 at position 8 : Timestamp '' is not recognized

2023-03-28T17:33:30.831+0530	INFO	run/run.go:38	Checking required schema access

2023-03-28T17:35:40.737+0530	INFO	base/interfaces.go:232	Compiled model. Material_rsStripeInvoicesView_d9faa7ee_4 to output/dev/seq_no/4/Material_rsStripeInvoicesView_d9faa7ee_4.sql. 


2023-03-28T17:35:41.985+0530	INFO	base/material.go:238	Skipping run for ephemeral material Material_rsStripeInvoicesView_d9faa7ee_4

2023-03-28T17:35:53.546+0530	INFO	base/interfaces.go:232	Compiled model. Material_stripe_features_7a28f6e3_4 to output/dev/seq_no/4/Material_stripe_features_7a28f6e3_4.sql. 


2023-03-28T17:35:54.769+0530	INFO	base/material.go:262	Preparing material Material_stripe_features_7a28f6e3_4

2023-03-28T17:35:56.100+0530	INFO	base/material.go:262	Preparing material Material_stripe_id_stitcher_ad5123e2_4

2023-03-28T17:36:10.579+0530	INFO	base/material.go:238	Skipping run for ephemeral material Material_rsStripeInvoicesView_d9faa7ee_4

2023-03-28T17:36:10.869+0530	INFO	base/material.go:299	Running material Material_stripe_id_stitcher_ad5123e2_4

2023-03-28T17:36:43.363+0530	INFO	base/material.go:238	Skipping run for ephemeral material Material_rsStripeInvoicesView_d9faa7ee_4

2023-03-28T17:36:43.718+0530	INFO	base/material.go:299	Running material Material_stripe_features_7a28f6e3_4

2023-03-28T17:36:44.337+0530	ERROR	base/material.go:304	running material sql Material_stripe_features_7a28f6e3_4: processing no result iterator: 001003 (42000): SQL compilation error:
syntax error line 2,229 at position 15 unexpected 'TEMPORARY'.
syntax error line 2,229 at position 25 unexpected 'TABLE'.
syntax error line 2,229 at position 56 unexpected 'AS'.

2023-03-28T17:40:13.069+0530	INFO	run/run.go:38	Checking required schema access

2023-03-28T17:42:21.240+0530	INFO	base/interfaces.go:232	Compiled model. Material_rsStripeInvoicesView_d9faa7ee_5 to output/dev/seq_no/5/Material_rsStripeInvoicesView_d9faa7ee_5.sql. 


2023-03-28T17:42:22.260+0530	INFO	base/material.go:238	Skipping run for ephemeral material Material_rsStripeInvoicesView_d9faa7ee_5

2023-03-28T17:42:33.244+0530	INFO	base/interfaces.go:232	Compiled model. Material_stripe_features_996eecb2_5 to output/dev/seq_no/5/Material_stripe_features_996eecb2_5.sql. 


2023-03-28T17:42:34.543+0530	INFO	base/material.go:262	Preparing material Material_stripe_features_996eecb2_5

2023-03-28T17:42:35.393+0530	INFO	base/material.go:262	Preparing material Material_stripe_id_stitcher_ad5123e2_5

2023-03-28T17:42:45.596+0530	INFO	base/material.go:238	Skipping run for ephemeral material Material_rsStripeInvoicesView_d9faa7ee_5

2023-03-28T17:42:51.027+0530	INFO	base/material.go:299	Running material Material_stripe_id_stitcher_ad5123e2_5

2023-03-28T17:43:22.154+0530	INFO	base/material.go:238	Skipping run for ephemeral material Material_rsStripeInvoicesView_d9faa7ee_5

2023-03-28T17:43:22.462+0530	INFO	base/material.go:299	Running material Material_stripe_features_996eecb2_5

2023-03-28T17:44:15.544+0530	ERROR	base/material.go:304	running material sql Material_stripe_features_996eecb2_5: processing no result iterator: 100035 (22007): Uncaught exception of type 'STATEMENT_ERROR' on line 1008 at position 8 : Timestamp '' is not recognized

2023-03-28T17:45:45.910+0530	INFO	run/run.go:38	Checking required schema access

2023-03-28T17:47:53.411+0530	INFO	base/interfaces.go:232	Compiled model. Material_rsStripeInvoicesView_ad42216b_6 to output/dev/seq_no/6/Material_rsStripeInvoicesView_ad42216b_6.sql. 


2023-03-28T17:47:54.795+0530	INFO	base/material.go:238	Skipping run for ephemeral material Material_rsStripeInvoicesView_ad42216b_6

2023-03-28T17:48:10.522+0530	INFO	base/interfaces.go:232	Compiled model. Material_stripe_features_8ef3fc80_6 to output/dev/seq_no/6/Material_stripe_features_8ef3fc80_6.sql. 


2023-03-28T17:48:11.787+0530	INFO	base/material.go:262	Preparing material Material_stripe_features_8ef3fc80_6

2023-03-28T17:48:13.933+0530	INFO	base/material.go:238	Skipping run for ephemeral material Material_rsStripeInvoicesView_ad42216b_6

2023-03-28T17:48:14.855+0530	INFO	base/material.go:262	Preparing material Material_stripe_id_stitcher_b7743cdc_6

2023-03-28T17:48:19.367+0530	INFO	base/material.go:238	Skipping run for ephemeral material Material_rsStripeInvoicesView_ad42216b_6

2023-03-28T17:48:26.683+0530	INFO	base/material.go:299	Running material Material_stripe_id_stitcher_b7743cdc_6

2023-03-28T17:49:05.134+0530	INFO	base/material.go:299	Running material Material_stripe_features_8ef3fc80_6

2023-03-28T17:49:50.958+0530	ERROR	base/material.go:304	running material sql Material_stripe_features_8ef3fc80_6: processing no result iterator: 100040 (22007): Uncaught exception of type 'STATEMENT_ERROR' on line 1008 at position 8 : Date '' is not recognized

2023-03-28T17:56:02.872+0530	INFO	run/run.go:38	Checking required schema access

2023-03-28T17:58:25.457+0530	INFO	base/interfaces.go:232	Compiled model. Material_rsStripeInvoicesView_a9019e23_7 to output/dev/seq_no/7/Material_rsStripeInvoicesView_a9019e23_7.sql. 


2023-03-28T17:58:26.604+0530	INFO	base/material.go:238	Skipping run for ephemeral material Material_rsStripeInvoicesView_a9019e23_7

2023-03-28T17:58:37.585+0530	INFO	base/interfaces.go:232	Compiled model. Material_stripe_features_f13d4bb2_7 to output/dev/seq_no/7/Material_stripe_features_f13d4bb2_7.sql. 


2023-03-28T17:58:38.567+0530	INFO	base/material.go:262	Preparing material Material_stripe_features_f13d4bb2_7

2023-03-28T17:58:41.138+0530	INFO	base/material.go:262	Preparing material Material_stripe_id_stitcher_c6382c6b_7

2023-03-28T17:58:52.610+0530	INFO	base/material.go:238	Skipping run for ephemeral material Material_rsStripeInvoicesView_a9019e23_7

2023-03-28T17:58:57.214+0530	INFO	base/material.go:299	Running material Material_stripe_id_stitcher_c6382c6b_7

2023-03-28T17:59:33.872+0530	INFO	base/material.go:238	Skipping run for ephemeral material Material_rsStripeInvoicesView_a9019e23_7

2023-03-28T17:59:34.180+0530	INFO	base/material.go:299	Running material Material_stripe_features_f13d4bb2_7

2023-03-28T18:00:30.747+0530	ERROR	base/material.go:304	running material sql Material_stripe_features_f13d4bb2_7: processing no result iterator: 001044 (42P13): Uncaught exception of type 'STATEMENT_ERROR' on line 1008 at position 8 : SQL compilation error: error line 4 at position 53
Invalid argument types for function 'DATE': ()

2023-03-28T18:01:48.943+0530	INFO	run/run.go:38	Checking required schema access

2023-03-28T18:04:13.234+0530	INFO	base/interfaces.go:232	Compiled model. Material_rsStripeInvoicesView_ad42216b_8 to output/dev/seq_no/8/Material_rsStripeInvoicesView_ad42216b_8.sql. 


2023-03-28T18:04:14.762+0530	INFO	base/material.go:238	Skipping run for ephemeral material Material_rsStripeInvoicesView_ad42216b_8

2023-03-28T18:04:25.636+0530	INFO	base/interfaces.go:232	Compiled model. Material_stripe_features_8ef3fc80_8 to output/dev/seq_no/8/Material_stripe_features_8ef3fc80_8.sql. 


2023-03-28T18:04:27.131+0530	INFO	base/material.go:262	Preparing material Material_stripe_features_8ef3fc80_8

2023-03-28T18:04:28.268+0530	INFO	base/material.go:262	Preparing material Material_stripe_id_stitcher_b7743cdc_8

2023-03-28T18:04:28.268+0530	INFO	base/material.go:238	Skipping run for ephemeral material Material_rsStripeInvoicesView_ad42216b_8

2023-03-28T18:04:48.858+0530	INFO	base/material.go:299	Running material Material_stripe_id_stitcher_b7743cdc_8

2023-03-28T18:05:18.831+0530	INFO	base/material.go:238	Skipping run for ephemeral material Material_rsStripeInvoicesView_ad42216b_8

2023-03-28T18:05:19.162+0530	INFO	base/material.go:299	Running material Material_stripe_features_8ef3fc80_8

2023-03-28T18:06:06.063+0530	ERROR	base/material.go:304	running material sql Material_stripe_features_8ef3fc80_8: processing no result iterator: 100040 (22007): Uncaught exception of type 'STATEMENT_ERROR' on line 1008 at position 8 : Date '' is not recognized

2023-03-28T20:44:51.633+0530	INFO	run/run.go:38	Checking required schema access

2023-03-28T20:47:01.269+0530	INFO	base/interfaces.go:232	Compiled model. Material_rsStripeInvoicesView_ad42216b_1 to output/dev/seq_no/1/Material_rsStripeInvoicesView_ad42216b_1.sql. 


2023-03-28T20:47:02.389+0530	INFO	base/material.go:238	Skipping run for ephemeral material Material_rsStripeInvoicesView_ad42216b_1

2023-03-28T20:47:10.617+0530	INFO	base/interfaces.go:232	Compiled model. Material_stripe_features_62c4ff1d_1 to output/dev/seq_no/1/Material_stripe_features_62c4ff1d_1.sql. 


2023-03-28T20:47:12.122+0530	INFO	base/material.go:262	Preparing material Material_stripe_features_62c4ff1d_1

2023-03-28T20:47:13.324+0530	INFO	base/material.go:262	Preparing material Material_stripe_id_stitcher_b7743cdc_1

2023-03-28T20:47:26.884+0530	INFO	base/material.go:238	Skipping run for ephemeral material Material_rsStripeInvoicesView_ad42216b_1

2023-03-28T20:47:27.171+0530	INFO	base/material.go:299	Running material Material_stripe_id_stitcher_b7743cdc_1

2023-03-28T20:47:56.742+0530	INFO	base/material.go:238	Skipping run for ephemeral material Material_rsStripeInvoicesView_ad42216b_1

2023-03-28T20:47:57.098+0530	INFO	base/material.go:299	Running material Material_stripe_features_62c4ff1d_1

2023-03-28T20:51:42.480+0530	INFO	base/interfaces.go:232	Compiled model. Material_stripe_id_stitcher_b7743cdc_1 to output/dev/seq_no/1/Material_stripe_id_stitcher_b7743cdc_1.sql. 


2023-05-25T23:35:16.343+0530	INFO	run/run.go:40	Checking required schema access

2023-05-25T23:40:00.617+0530	INFO	base/interfaces.go:241	Compiled model. Material_stripe_features_f76a818c_3 to output/dev/seq_no/3/Material_stripe_features_f76a818c_3.sql. 


2023-05-25T23:40:04.365+0530	INFO	base/material.go:270	Preparing material Material_stripe_features_f76a818c_3

2023-05-25T23:40:15.525+0530	INFO	base/material.go:270	Preparing material Material_stripe_id_stitcher_ebcd410f_3

2023-05-25T23:40:16.039+0530	INFO	base/material.go:313	Running material Material_stripe_id_stitcher_ebcd410f_3

2023-05-25T23:40:54.858+0530	INFO	base/material.go:323	Material Material_stripe_id_stitcher_ebcd410f_3 ran in 38.819459664s

2023-05-25T23:40:59.663+0530	INFO	base/material.go:313	Running material Material_stripe_features_f76a818c_3

2023-05-25T23:41:39.301+0530	ERROR	base/material.go:318	running material sql Material_stripe_features_f76a818c_3: processing no result iterator: 100040 (22007): Uncaught exception of type 'STATEMENT_ERROR' on line 1083 at position 8 : Date '' is not recognized

2023-05-26T11:55:50.396+0530	INFO	run/run.go:40	Checking required schema access

2023-05-26T11:55:55.721+0530	ERROR	core/project.go:862	loading project environment dev: checking common tables version: found 2, require 1

2023-05-26T11:55:55.721+0530	ERROR	core/project.go:812	loading project environment dev: checking common tables version: found 2, require 1

2023-05-26T11:55:55.721+0530	ERROR	run/run.go:52	common tables version issue: found 2, require 1.
Warehouse schema contains unknown version - please update pb to latest version.

2023-05-28T22:28:32.093+0530	INFO	run/run.go:40	Checking required schema access

2023-05-28T22:28:37.190+0530	ERROR	core/project.go:862	loading project environment dev: checking common tables version: found 2, require 1

2023-05-28T22:28:37.190+0530	ERROR	core/project.go:812	loading project environment dev: checking common tables version: found 2, require 1

2023-05-28T22:28:37.190+0530	ERROR	run/run.go:52	common tables version issue: found 2, require 1.
Warehouse schema contains unknown version - please update pb to latest version.

2023-05-28T22:30:50.134+0530	INFO	core/project.go:645	default idModel not required for entity user

2023-05-28T22:30:50.204+0530	ERROR	template/templates.go:39	executing sql template: [Error (where: execution) in <string> | Line 393 Col 6 near 'warehouse'] [Error (where: execution) in <string> | Line 393 Col 30 near 'beginEndMacro'] [Error (where: execution) in <string> | Line 387 Col 19 near 'warehouse'] [Error (where: execution) in <string> | Line 387 Col 43 near 'begin_block'] [Error (where: execution) in <string> | Line 11 Col 62 near 'end_date'] running exec tag: No value found for end_date

2023-05-28T22:30:50.204+0530	ERROR	core/project.go:1026	executing sql component while project load for stripe_features: executing sql template: [Error (where: execution) in <string> | Line 393 Col 6 near 'warehouse'] [Error (where: execution) in <string> | Line 393 Col 30 near 'beginEndMacro'] [Error (where: execution) in <string> | Line 387 Col 19 near 'warehouse'] [Error (where: execution) in <string> | Line 387 Col 43 near 'begin_block'] [Error (where: execution) in <string> | Line 11 Col 62 near 'end_date'] running exec tag: No value found for end_date

2023-05-28T22:33:22.482+0530	INFO	core/project.go:645	default idModel not required for entity user

2023-05-28T22:33:22.552+0530	ERROR	template/templates.go:39	executing sql template: [Error (where: execution) in <string> | Line 393 Col 6 near 'warehouse'] [Error (where: execution) in <string> | Line 393 Col 30 near 'beginEndMacro'] [Error (where: execution) in <string> | Line 387 Col 19 near 'warehouse'] [Error (where: execution) in <string> | Line 387 Col 43 near 'begin_block'] [Error (where: execution) in <string> | Line 11 Col 62 near 'end_date'] running exec tag: No value found for end_date

2023-05-28T22:33:22.552+0530	ERROR	core/project.go:1026	executing sql component while project load for stripe_features: executing sql template: [Error (where: execution) in <string> | Line 393 Col 6 near 'warehouse'] [Error (where: execution) in <string> | Line 393 Col 30 near 'beginEndMacro'] [Error (where: execution) in <string> | Line 387 Col 19 near 'warehouse'] [Error (where: execution) in <string> | Line 387 Col 43 near 'begin_block'] [Error (where: execution) in <string> | Line 11 Col 62 near 'end_date'] running exec tag: No value found for end_date

2023-05-31T23:11:25.811+0530	INFO	core/project.go:645	default idModel not required for entity user

2023-05-31T23:11:26.018+0530	ERROR	template/templates.go:39	executing sql template: [Error (where: execution) in <string> | Line 393 Col 6 near 'warehouse'] [Error (where: execution) in <string> | Line 393 Col 30 near 'beginEndMacro'] [Error (where: execution) in <string> | Line 387 Col 19 near 'warehouse'] [Error (where: execution) in <string> | Line 387 Col 43 near 'begin_block'] [Error (where: execution) in <string> | Line 23 Col 30 near 'end_date'] running exec tag: No value found for end_date

2023-05-31T23:11:26.030+0530	ERROR	core/project.go:1026	executing sql component while project load for stripe_features: executing sql template: [Error (where: execution) in <string> | Line 393 Col 6 near 'warehouse'] [Error (where: execution) in <string> | Line 393 Col 30 near 'beginEndMacro'] [Error (where: execution) in <string> | Line 387 Col 19 near 'warehouse'] [Error (where: execution) in <string> | Line 387 Col 43 near 'begin_block'] [Error (where: execution) in <string> | Line 23 Col 30 near 'end_date'] running exec tag: No value found for end_date

2023-05-31T23:22:09.166+0530	INFO	core/project.go:645	default idModel not required for entity user

2023-05-31T23:22:09.269+0530	ERROR	template/templates.go:39	executing sql template: [Error (where: execution) in <string> | Line 393 Col 6 near 'warehouse'] [Error (where: execution) in <string> | Line 393 Col 30 near 'beginEndMacro'] [Error (where: execution) in <string> | Line 387 Col 19 near 'warehouse'] [Error (where: execution) in <string> | Line 387 Col 43 near 'begin_block'] [Error (where: parser) in <string> | Line 23 Col 98 near '\"2006-01-02 15:04:05\")}}')) '] Expected either a number, string, keyword or identifier.

2023-05-31T23:22:09.269+0530	ERROR	core/project.go:1026	executing sql component while project load for stripe_features: executing sql template: [Error (where: execution) in <string> | Line 393 Col 6 near 'warehouse'] [Error (where: execution) in <string> | Line 393 Col 30 near 'beginEndMacro'] [Error (where: execution) in <string> | Line 387 Col 19 near 'warehouse'] [Error (where: execution) in <string> | Line 387 Col 43 near 'begin_block'] [Error (where: parser) in <string> | Line 23 Col 98 near '\"2006-01-02 15:04:05\")}}')) '] Expected either a number, string, keyword or identifier.

2023-05-31T23:23:11.543+0530	INFO	core/project.go:645	default idModel not required for entity user

2023-05-31T23:23:11.648+0530	ERROR	template/templates.go:39	executing sql template: [Error (where: execution) in <string> | Line 393 Col 6 near 'warehouse'] [Error (where: execution) in <string> | Line 393 Col 30 near 'beginEndMacro'] [Error (where: execution) in <string> | Line 387 Col 19 near 'warehouse'] [Error (where: execution) in <string> | Line 387 Col 43 near 'begin_block'] [Error (where: parser) in <string> | Line 23 Col 98 near '\"2006-01-02 15:04:05\")}}')) '] Expected either a number, string, keyword or identifier.

2023-05-31T23:23:11.648+0530	ERROR	core/project.go:1026	executing sql component while project load for stripe_features: executing sql template: [Error (where: execution) in <string> | Line 393 Col 6 near 'warehouse'] [Error (where: execution) in <string> | Line 393 Col 30 near 'beginEndMacro'] [Error (where: execution) in <string> | Line 387 Col 19 near 'warehouse'] [Error (where: execution) in <string> | Line 387 Col 43 near 'begin_block'] [Error (where: parser) in <string> | Line 23 Col 98 near '\"2006-01-02 15:04:05\")}}')) '] Expected either a number, string, keyword or identifier.

2023-05-31T23:27:17.011+0530	INFO	core/project.go:645	default idModel not required for entity user

2023-05-31T23:27:17.126+0530	ERROR	template/templates.go:39	executing sql template: [Error (where: execution) in <string> | Line 393 Col 6 near 'warehouse'] [Error (where: execution) in <string> | Line 393 Col 30 near 'beginEndMacro'] [Error (where: execution) in <string> | Line 387 Col 19 near 'warehouse'] [Error (where: execution) in <string> | Line 387 Col 43 near 'begin_block'] [Error (where: parser) in <string> | Line 23 Col 98 near '\"2006-01-02 15:04:05\")}}')) '] Expected either a number, string, keyword or identifier.

2023-05-31T23:27:17.126+0530	ERROR	core/project.go:1026	executing sql component while project load for stripe_features: executing sql template: [Error (where: execution) in <string> | Line 393 Col 6 near 'warehouse'] [Error (where: execution) in <string> | Line 393 Col 30 near 'beginEndMacro'] [Error (where: execution) in <string> | Line 387 Col 19 near 'warehouse'] [Error (where: execution) in <string> | Line 387 Col 43 near 'begin_block'] [Error (where: parser) in <string> | Line 23 Col 98 near '\"2006-01-02 15:04:05\")}}')) '] Expected either a number, string, keyword or identifier.

2023-05-31T23:27:54.947+0530	INFO	core/project.go:645	default idModel not required for entity user

2023-05-31T23:27:55.052+0530	ERROR	template/templates.go:39	executing sql template: [Error (where: execution) in <string> | Line 393 Col 6 near 'warehouse'] [Error (where: execution) in <string> | Line 393 Col 30 near 'beginEndMacro'] [Error (where: execution) in <string> | Line 387 Col 19 near 'warehouse'] [Error (where: execution) in <string> | Line 387 Col 43 near 'begin_block'] [Error (where: parser) in <string> | Line 23 Col 98 near '\"2006-01-02 15:04:05\")}}')) '] Expected either a number, string, keyword or identifier.

2023-05-31T23:27:55.052+0530	ERROR	core/project.go:1026	executing sql component while project load for stripe_features: executing sql template: [Error (where: execution) in <string> | Line 393 Col 6 near 'warehouse'] [Error (where: execution) in <string> | Line 393 Col 30 near 'beginEndMacro'] [Error (where: execution) in <string> | Line 387 Col 19 near 'warehouse'] [Error (where: execution) in <string> | Line 387 Col 43 near 'begin_block'] [Error (where: parser) in <string> | Line 23 Col 98 near '\"2006-01-02 15:04:05\")}}')) '] Expected either a number, string, keyword or identifier.

2023-05-31T23:35:51.438+0530	INFO	core/project.go:645	default idModel not required for entity user

2023-05-31T23:35:51.546+0530	ERROR	template/templates.go:39	executing sql template: [Error (where: execution) in <string> | Line 393 Col 6 near 'warehouse'] [Error (where: execution) in <string> | Line 393 Col 30 near 'beginEndMacro'] [Error (where: execution) in <string> | Line 387 Col 19 near 'warehouse'] [Error (where: execution) in <string> | Line 387 Col 43 near 'begin_block'] [Error (where: parser) in <string> | Line 23 Col 98 near '\"2006-01-02 15:04:05\")}}')) '] Expected either a number, string, keyword or identifier.

2023-05-31T23:35:51.546+0530	ERROR	core/project.go:1026	executing sql component while project load for stripe_features: executing sql template: [Error (where: execution) in <string> | Line 393 Col 6 near 'warehouse'] [Error (where: execution) in <string> | Line 393 Col 30 near 'beginEndMacro'] [Error (where: execution) in <string> | Line 387 Col 19 near 'warehouse'] [Error (where: execution) in <string> | Line 387 Col 43 near 'begin_block'] [Error (where: parser) in <string> | Line 23 Col 98 near '\"2006-01-02 15:04:05\")}}')) '] Expected either a number, string, keyword or identifier.

2023-05-31T23:36:03.907+0530	INFO	core/project.go:645	default idModel not required for entity user

2023-05-31T23:36:04.014+0530	ERROR	template/templates.go:39	executing sql template: [Error (where: execution) in <string> | Line 393 Col 6 near 'warehouse'] [Error (where: execution) in <string> | Line 393 Col 30 near 'beginEndMacro'] [Error (where: execution) in <string> | Line 387 Col 19 near 'warehouse'] [Error (where: execution) in <string> | Line 387 Col 43 near 'begin_block'] [Error (where: parser) in <string> | Line 23 Col 98 near '\"2006-01-02 15:04:05\")}}')) '] Expected either a number, string, keyword or identifier.

2023-05-31T23:36:04.014+0530	ERROR	core/project.go:1026	executing sql component while project load for stripe_features: executing sql template: [Error (where: execution) in <string> | Line 393 Col 6 near 'warehouse'] [Error (where: execution) in <string> | Line 393 Col 30 near 'beginEndMacro'] [Error (where: execution) in <string> | Line 387 Col 19 near 'warehouse'] [Error (where: execution) in <string> | Line 387 Col 43 near 'begin_block'] [Error (where: parser) in <string> | Line 23 Col 98 near '\"2006-01-02 15:04:05\")}}')) '] Expected either a number, string, keyword or identifier.

2023-06-01T10:39:27.746+0530	ERROR	core/project.go:344	populating macros for /Users/sashank/librs360-stripe-features: reading macro template {% macro macro_datediff(column,end_date) export %}'{% if !({{end_time}}|isnil) %} datediff(day, date({{column}}), date('{{{{end_time}}.Format("2006-01-02 15:04:05")}}')) {% else %} datediff(day, date({{column}}), GETDATE()) {% endif %}'{% endmacro %}: [Error (where: parser) in <string> | Line 1 Col 60 near '{{'] Expected either a number, string, keyword or identifier.

2023-06-01T10:39:27.746+0530	ERROR	core/project.go:246	populating from models folders for /Users/sashank/librs360-stripe-features: populating macros for /Users/sashank/librs360-stripe-features: reading macro template {% macro macro_datediff(column,end_date) export %}'{% if !({{end_time}}|isnil) %} datediff(day, date({{column}}), date('{{{{end_time}}.Format("2006-01-02 15:04:05")}}')) {% else %} datediff(day, date({{column}}), GETDATE()) {% endif %}'{% endmacro %}: [Error (where: parser) in <string> | Line 1 Col 60 near '{{'] Expected either a number, string, keyword or identifier.

2023-06-01T10:39:49.935+0530	ERROR	core/project.go:324	while trying to parse /Users/sashank/librs360-stripe-features/models/macros.yaml: EOF

2023-06-01T10:39:49.936+0530	ERROR	core/project.go:246	populating from models folders for /Users/sashank/librs360-stripe-features: while trying to parse /Users/sashank/librs360-stripe-features/models/macros.yaml: EOF

2023-06-01T10:40:10.931+0530	INFO	core/project.go:645	default idModel not required for entity user

2023-06-01T10:40:11.062+0530	INFO	run/run.go:41	Checking required schema access

2023-06-01T10:43:00.264+0530	INFO	base/interfaces.go:244	Compiled model. Material_stripe_features_48ba16e4_28 to output/dev/seq_no/28/Material_stripe_features_48ba16e4_28.sql. 


2023-06-01T10:43:02.864+0530	INFO	base/material.go:272	Preparing material Material_stripe_features_48ba16e4_28

2023-06-01T10:43:05.262+0530	INFO	base/material.go:272	Preparing material Material_stripe_id_stitcher_4647056c_28

2023-06-01T10:43:05.516+0530	INFO	base/material.go:315	Running material Material_stripe_id_stitcher_4647056c_28

2023-06-01T10:43:33.678+0530	INFO	base/material.go:325	Material Material_stripe_id_stitcher_4647056c_28 ran in 28.163049805s

2023-06-01T10:43:37.450+0530	INFO	base/material.go:315	Running material Material_stripe_features_48ba16e4_28

2023-06-01T10:43:37.802+0530	ERROR	base/material.go:320	running material sql Material_stripe_features_48ba16e4_28: processing no result iterator: 001003 (42000): SQL compilation error:
syntax error line 875 at position 15 unexpected 'OR'.
syntax error line 875 at position 26 unexpected 'TEMPORARY'.
syntax error line 875 at position 36 unexpected 'TABLE'.

2023-06-01T10:56:21.042+0530	INFO	core/project.go:645	default idModel not required for entity user

2023-06-01T10:56:21.140+0530	INFO	run/run.go:41	Checking required schema access

2023-06-01T10:59:11.990+0530	INFO	base/interfaces.go:244	Compiled model. Material_stripe_features_80f1b458_28 to output/dev/seq_no/28/Material_stripe_features_80f1b458_28.sql. 


2023-06-01T10:59:14.658+0530	INFO	base/material.go:272	Preparing material Material_stripe_features_80f1b458_28

2023-06-01T10:59:17.186+0530	INFO	base/material.go:272	Preparing material Material_stripe_id_stitcher_4647056c_28

2023-06-01T10:59:17.491+0530	INFO	base/material.go:315	Running material Material_stripe_id_stitcher_4647056c_28

2023-06-01T10:59:48.578+0530	INFO	base/material.go:325	Material Material_stripe_id_stitcher_4647056c_28 ran in 31.08767522s

2023-06-01T10:59:52.082+0530	INFO	base/material.go:315	Running material Material_stripe_features_80f1b458_28

2023-06-01T11:00:25.955+0530	INFO	base/material.go:325	Material Material_stripe_features_80f1b458_28 ran in 33.873290192s

2023-06-01T11:00:28.886+0530	INFO	base/interfaces.go:244	Compiled model. Material_stripe_id_stitcher_4647056c_28 to output/dev/seq_no/28/Material_stripe_id_stitcher_4647056c_28.sql. 


2023-06-01T11:01:25.743+0530	INFO	core/project.go:645	default idModel not required for entity user

2023-06-01T11:01:25.842+0530	INFO	run/run.go:41	Checking required schema access

2023-06-01T11:04:20.670+0530	INFO	base/interfaces.go:244	Compiled model. Material_stripe_features_80f1b458_29 to output/dev/seq_no/29/Material_stripe_features_80f1b458_29.sql. 


2023-06-01T11:04:23.229+0530	INFO	base/material.go:272	Preparing material Material_stripe_features_80f1b458_29

2023-06-01T11:04:25.682+0530	INFO	base/material.go:272	Preparing material Material_stripe_id_stitcher_4647056c_29

2023-06-01T11:04:26.016+0530	INFO	base/material.go:315	Running material Material_stripe_id_stitcher_4647056c_29

2023-06-01T11:04:51.091+0530	INFO	base/material.go:325	Material Material_stripe_id_stitcher_4647056c_29 ran in 25.069792873s

2023-06-01T11:04:54.981+0530	INFO	base/material.go:315	Running material Material_stripe_features_80f1b458_29

2023-06-01T11:05:31.893+0530	INFO	base/material.go:325	Material Material_stripe_features_80f1b458_29 ran in 36.91144189s

2023-06-01T11:05:35.141+0530	INFO	base/interfaces.go:244	Compiled model. Material_stripe_id_stitcher_4647056c_29 to output/dev/seq_no/29/Material_stripe_id_stitcher_4647056c_29.sql. 


2023-06-01T11:06:36.038+0530	INFO	core/project.go:645	default idModel not required for entity user

2023-06-01T11:06:36.138+0530	INFO	run/run.go:41	Checking required schema access

2023-06-01T11:09:31.909+0530	INFO	base/interfaces.go:244	Compiled model. Material_stripe_features_4bcbacd4_30 to output/dev/seq_no/30/Material_stripe_features_4bcbacd4_30.sql. 


2023-06-01T11:09:34.466+0530	INFO	base/material.go:272	Preparing material Material_stripe_features_4bcbacd4_30

2023-06-01T11:09:36.929+0530	INFO	base/material.go:272	Preparing material Material_stripe_id_stitcher_4647056c_30

2023-06-01T11:09:37.191+0530	INFO	base/material.go:315	Running material Material_stripe_id_stitcher_4647056c_30

2023-06-01T11:10:00.331+0530	INFO	base/material.go:325	Material Material_stripe_id_stitcher_4647056c_30 ran in 23.140690911s

2023-06-01T11:10:04.545+0530	INFO	base/material.go:315	Running material Material_stripe_features_4bcbacd4_30

2023-06-01T11:10:47.223+0530	INFO	base/material.go:325	Material Material_stripe_features_4bcbacd4_30 ran in 42.678469114s

2023-06-01T11:10:50.587+0530	INFO	base/interfaces.go:244	Compiled model. Material_stripe_id_stitcher_4647056c_30 to output/dev/seq_no/30/Material_stripe_id_stitcher_4647056c_30.sql. 


2023-06-01T11:12:27.810+0530	INFO	core/project.go:645	default idModel not required for entity user

2023-06-01T11:12:27.927+0530	INFO	run/run.go:41	Checking required schema access

2023-06-01T11:15:25.087+0530	INFO	base/interfaces.go:244	Compiled model. Material_stripe_features_47ff5a53_31 to output/dev/seq_no/31/Material_stripe_features_47ff5a53_31.sql. 


2023-06-01T11:15:27.775+0530	INFO	base/material.go:272	Preparing material Material_stripe_features_47ff5a53_31

2023-06-01T11:15:30.370+0530	INFO	base/material.go:272	Preparing material Material_stripe_id_stitcher_4647056c_31

2023-06-01T11:15:30.629+0530	INFO	base/material.go:315	Running material Material_stripe_id_stitcher_4647056c_31

2023-06-01T11:16:00.177+0530	INFO	base/material.go:325	Material Material_stripe_id_stitcher_4647056c_31 ran in 29.552874649s

2023-06-01T11:16:03.980+0530	INFO	base/material.go:315	Running material Material_stripe_features_47ff5a53_31

2023-06-01T11:17:10.730+0530	INFO	base/material.go:325	Material Material_stripe_features_47ff5a53_31 ran in 1m6.751728317s

2023-06-01T11:17:14.070+0530	INFO	base/interfaces.go:244	Compiled model. Material_stripe_id_stitcher_4647056c_31 to output/dev/seq_no/31/Material_stripe_id_stitcher_4647056c_31.sql. 


2023-06-01T11:17:59.046+0530	INFO	core/project.go:645	default idModel not required for entity user

2023-06-01T11:17:59.173+0530	INFO	run/run.go:41	Checking required schema access

2023-06-01T11:20:57.515+0530	INFO	base/interfaces.go:244	Compiled model. Material_stripe_features_c1c58c0a_32 to output/dev/seq_no/32/Material_stripe_features_c1c58c0a_32.sql. 


2023-06-01T11:20:59.981+0530	INFO	base/material.go:272	Preparing material Material_stripe_features_c1c58c0a_32

2023-06-01T11:21:02.379+0530	INFO	base/material.go:272	Preparing material Material_stripe_id_stitcher_4647056c_32

2023-06-01T11:21:02.686+0530	INFO	base/material.go:315	Running material Material_stripe_id_stitcher_4647056c_32

2023-06-01T11:21:30.450+0530	INFO	base/material.go:325	Material Material_stripe_id_stitcher_4647056c_32 ran in 27.763268526s

2023-06-01T11:21:34.327+0530	INFO	base/material.go:315	Running material Material_stripe_features_c1c58c0a_32

2023-06-01T11:22:39.842+0530	INFO	base/material.go:325	Material Material_stripe_features_c1c58c0a_32 ran in 1m5.514665996s

2023-06-01T11:22:42.947+0530	INFO	base/interfaces.go:244	Compiled model. Material_stripe_id_stitcher_4647056c_32 to output/dev/seq_no/32/Material_stripe_id_stitcher_4647056c_32.sql. 


2023-06-01T11:24:45.118+0530	INFO	core/project.go:645	default idModel not required for entity user

2023-06-01T11:24:45.119+0530	ERROR	core/project.go:253	validating project stripe_features: validating model stripe_features: no entity var corresponding to feature: shipping_address_country

2023-06-01T11:25:09.826+0530	INFO	core/project.go:645	default idModel not required for entity user

2023-06-01T11:25:09.912+0530	INFO	run/run.go:41	Checking required schema access

2023-06-01T11:28:00.393+0530	INFO	base/interfaces.go:244	Compiled model. Material_stripe_features_9169b901_33 to output/dev/seq_no/33/Material_stripe_features_9169b901_33.sql. 


2023-06-01T11:28:03.147+0530	INFO	base/material.go:272	Preparing material Material_stripe_features_9169b901_33

2023-06-01T11:28:05.810+0530	INFO	base/material.go:272	Preparing material Material_stripe_id_stitcher_4647056c_33

2023-06-01T11:28:06.118+0530	INFO	base/material.go:315	Running material Material_stripe_id_stitcher_4647056c_33

2023-06-01T11:28:34.176+0530	INFO	base/material.go:325	Material Material_stripe_id_stitcher_4647056c_33 ran in 28.058368895s

2023-06-01T11:28:37.760+0530	INFO	base/material.go:315	Running material Material_stripe_features_9169b901_33

2023-06-01T11:28:45.235+0530	INFO	base/material.go:325	Material Material_stripe_features_9169b901_33 ran in 7.47493533s

2023-06-01T11:28:48.610+0530	INFO	base/interfaces.go:244	Compiled model. Material_stripe_id_stitcher_4647056c_33 to output/dev/seq_no/33/Material_stripe_id_stitcher_4647056c_33.sql. 


2023-06-01T11:30:31.201+0530	INFO	core/project.go:645	default idModel not required for entity user

2023-06-01T11:30:31.289+0530	INFO	run/run.go:41	Checking required schema access

2023-06-01T11:33:37.395+0530	INFO	base/interfaces.go:244	Compiled model. Material_stripe_features_5108fb96_34 to output/dev/seq_no/34/Material_stripe_features_5108fb96_34.sql. 


2023-06-01T11:33:39.894+0530	INFO	base/material.go:272	Preparing material Material_stripe_features_5108fb96_34

2023-06-01T11:33:42.084+0530	INFO	base/material.go:272	Preparing material Material_stripe_id_stitcher_4647056c_34

2023-06-01T11:33:42.329+0530	INFO	base/material.go:315	Running material Material_stripe_id_stitcher_4647056c_34

2023-06-01T11:34:11.288+0530	INFO	base/material.go:325	Material Material_stripe_id_stitcher_4647056c_34 ran in 28.959587161s

2023-06-01T11:34:15.135+0530	INFO	base/material.go:315	Running material Material_stripe_features_5108fb96_34

2023-06-01T11:34:15.405+0530	ERROR	base/material.go:320	running material sql Material_stripe_features_5108fb96_34: processing no result iterator: 001003 (42000): SQL compilation error:
syntax error line 420 at position 16 unexpected 'GROUP'.
syntax error line 422 at position 8 unexpected ')'.
syntax error line 484 at position 1 unexpected 'END'.

2023-06-01T11:35:54.739+0530	INFO	core/project.go:645	default idModel not required for entity user

2023-06-01T11:35:54.832+0530	INFO	run/run.go:41	Checking required schema access

2023-06-01T11:39:09.705+0530	INFO	base/interfaces.go:244	Compiled model. Material_stripe_features_b9a2cad5_35 to output/dev/seq_no/35/Material_stripe_features_b9a2cad5_35.sql. 


2023-06-01T11:39:12.401+0530	INFO	base/material.go:272	Preparing material Material_stripe_features_b9a2cad5_35

2023-06-01T11:39:14.887+0530	INFO	base/material.go:272	Preparing material Material_stripe_id_stitcher_4647056c_35

2023-06-01T11:39:15.199+0530	INFO	base/material.go:315	Running material Material_stripe_id_stitcher_4647056c_35

2023-06-01T11:39:43.044+0530	INFO	base/material.go:325	Material Material_stripe_id_stitcher_4647056c_35 ran in 27.846916208s

2023-06-01T11:39:46.917+0530	INFO	base/material.go:315	Running material Material_stripe_features_b9a2cad5_35

2023-06-01T11:39:58.813+0530	INFO	base/material.go:325	Material Material_stripe_features_b9a2cad5_35 ran in 11.897106313s

2023-06-01T11:40:02.702+0530	INFO	base/interfaces.go:244	Compiled model. Material_stripe_id_stitcher_4647056c_35 to output/dev/seq_no/35/Material_stripe_id_stitcher_4647056c_35.sql. 


2023-06-01T11:40:57.155+0530	INFO	core/project.go:645	default idModel not required for entity user

2023-06-01T11:40:57.230+0530	ERROR	template/templates.go:39	executing sql template: [Error (where: execution) in <string> | Line 393 Col 6 near 'warehouse'] [Error (where: execution) in <string> | Line 393 Col 30 near 'beginEndMacro'] [Error (where: execution) in <string> | Line 387 Col 19 near 'warehouse'] [Error (where: execution) in <string> | Line 387 Col 43 near 'begin_block'] [Error (where: parser) in <string> | Line 23 Col 98 near '\"2006-01-02 15:04:05\")}}')) '] Expected either a number, string, keyword or identifier.

2023-06-01T11:40:57.230+0530	ERROR	core/project.go:1026	executing sql component while project load for stripe_features: executing sql template: [Error (where: execution) in <string> | Line 393 Col 6 near 'warehouse'] [Error (where: execution) in <string> | Line 393 Col 30 near 'beginEndMacro'] [Error (where: execution) in <string> | Line 387 Col 19 near 'warehouse'] [Error (where: execution) in <string> | Line 387 Col 43 near 'begin_block'] [Error (where: parser) in <string> | Line 23 Col 98 near '\"2006-01-02 15:04:05\")}}')) '] Expected either a number, string, keyword or identifier.

2023-06-01T11:42:59.322+0530	INFO	core/project.go:645	default idModel not required for entity user

2023-06-01T11:42:59.397+0530	ERROR	template/templates.go:39	executing sql template: [Error (where: execution) in <string> | Line 393 Col 6 near 'warehouse'] [Error (where: execution) in <string> | Line 393 Col 30 near 'beginEndMacro'] [Error (where: execution) in <string> | Line 387 Col 19 near 'warehouse'] [Error (where: execution) in <string> | Line 387 Col 43 near 'begin_block'] [Error (where: parser) in <string> | Line 23 Col 98 near '\"2006-01-02 15:04:05\")}}')) '] Expected either a number, string, keyword or identifier.

2023-06-01T11:42:59.398+0530	ERROR	core/project.go:1026	executing sql component while project load for stripe_features: executing sql template: [Error (where: execution) in <string> | Line 393 Col 6 near 'warehouse'] [Error (where: execution) in <string> | Line 393 Col 30 near 'beginEndMacro'] [Error (where: execution) in <string> | Line 387 Col 19 near 'warehouse'] [Error (where: execution) in <string> | Line 387 Col 43 near 'begin_block'] [Error (where: parser) in <string> | Line 23 Col 98 near '\"2006-01-02 15:04:05\")}}')) '] Expected either a number, string, keyword or identifier.

2023-06-01T11:46:24.999+0530	INFO	core/project.go:645	default idModel not required for entity user

2023-06-01T11:46:25.070+0530	ERROR	template/templates.go:39	executing sql template: [Error (where: execution) in <string> | Line 393 Col 6 near 'warehouse'] [Error (where: execution) in <string> | Line 393 Col 30 near 'beginEndMacro'] [Error (where: execution) in <string> | Line 387 Col 19 near 'warehouse'] [Error (where: execution) in <string> | Line 387 Col 43 near 'begin_block'] [Error (where: parser) in <string> | Line 23 Col 98 near '\"2006-01-02 15:04:05\")}}')) '] Expected either a number, string, keyword or identifier.

2023-06-01T11:46:25.070+0530	ERROR	core/project.go:1026	executing sql component while project load for stripe_features: executing sql template: [Error (where: execution) in <string> | Line 393 Col 6 near 'warehouse'] [Error (where: execution) in <string> | Line 393 Col 30 near 'beginEndMacro'] [Error (where: execution) in <string> | Line 387 Col 19 near 'warehouse'] [Error (where: execution) in <string> | Line 387 Col 43 near 'begin_block'] [Error (where: parser) in <string> | Line 23 Col 98 near '\"2006-01-02 15:04:05\")}}')) '] Expected either a number, string, keyword or identifier.

2023-06-01T11:47:02.166+0530	INFO	core/project.go:645	default idModel not required for entity user

2023-06-01T11:47:02.238+0530	ERROR	template/templates.go:39	executing sql template: [Error (where: execution) in <string> | Line 393 Col 6 near 'warehouse'] [Error (where: execution) in <string> | Line 393 Col 30 near 'beginEndMacro'] [Error (where: execution) in <string> | Line 387 Col 19 near 'warehouse'] [Error (where: execution) in <string> | Line 387 Col 43 near 'begin_block'] [Error (where: parser) in <string> | Line 23 Col 98 near '\"2006-01-02 15:04:05\")}}')) '] Expected either a number, string, keyword or identifier.

2023-06-01T11:47:02.238+0530	ERROR	core/project.go:1026	executing sql component while project load for stripe_features: executing sql template: [Error (where: execution) in <string> | Line 393 Col 6 near 'warehouse'] [Error (where: execution) in <string> | Line 393 Col 30 near 'beginEndMacro'] [Error (where: execution) in <string> | Line 387 Col 19 near 'warehouse'] [Error (where: execution) in <string> | Line 387 Col 43 near 'begin_block'] [Error (where: parser) in <string> | Line 23 Col 98 near '\"2006-01-02 15:04:05\")}}')) '] Expected either a number, string, keyword or identifier.

2023-06-01T11:48:09.696+0530	INFO	core/project.go:645	default idModel not required for entity user

2023-06-01T11:48:09.787+0530	INFO	run/run.go:41	Checking required schema access

2023-06-01T11:51:19.654+0530	INFO	base/interfaces.go:244	Compiled model. Material_stripe_features_1dcc8b00_36 to output/dev/seq_no/36/Material_stripe_features_1dcc8b00_36.sql. 


2023-06-01T11:51:22.301+0530	INFO	base/material.go:272	Preparing material Material_stripe_features_1dcc8b00_36

2023-06-01T11:51:24.918+0530	INFO	base/material.go:272	Preparing material Material_stripe_id_stitcher_4647056c_36

2023-06-01T11:51:25.177+0530	INFO	base/material.go:315	Running material Material_stripe_id_stitcher_4647056c_36

2023-06-01T11:51:50.925+0530	INFO	base/material.go:325	Material Material_stripe_id_stitcher_4647056c_36 ran in 25.748302284s

2023-06-01T11:51:54.946+0530	INFO	base/material.go:315	Running material Material_stripe_features_1dcc8b00_36

2023-06-01T11:51:55.279+0530	ERROR	base/material.go:320	running material sql Material_stripe_features_1dcc8b00_36: processing no result iterator: 001003 (42000): SQL compilation error:
syntax error line 420 at position 16 unexpected 'GROUP'.
syntax error line 422 at position 8 unexpected ')'.
syntax error line 484 at position 1 unexpected 'END'.

2023-06-01T11:52:56.863+0530	INFO	core/project.go:645	default idModel not required for entity user

2023-06-01T11:52:56.952+0530	INFO	run/run.go:41	Checking required schema access

2023-06-01T11:56:07.075+0530	INFO	base/interfaces.go:244	Compiled model. Material_stripe_features_c80d8d88_37 to output/dev/seq_no/37/Material_stripe_features_c80d8d88_37.sql. 


2023-06-01T11:56:09.635+0530	INFO	base/material.go:272	Preparing material Material_stripe_features_c80d8d88_37

2023-06-01T11:56:12.292+0530	INFO	base/material.go:272	Preparing material Material_stripe_id_stitcher_4647056c_37

2023-06-01T11:56:12.618+0530	INFO	base/material.go:315	Running material Material_stripe_id_stitcher_4647056c_37

2023-06-01T11:56:37.382+0530	INFO	base/material.go:325	Material Material_stripe_id_stitcher_4647056c_37 ran in 24.764984603s

2023-06-01T11:56:41.089+0530	INFO	base/material.go:315	Running material Material_stripe_features_c80d8d88_37

2023-06-01T11:56:51.720+0530	INFO	base/material.go:325	Material Material_stripe_features_c80d8d88_37 ran in 10.631062017s

2023-06-01T11:56:54.970+0530	INFO	base/interfaces.go:244	Compiled model. Material_stripe_id_stitcher_4647056c_37 to output/dev/seq_no/37/Material_stripe_id_stitcher_4647056c_37.sql. 


2023-06-01T12:06:31.527+0530	ERROR	core/project.go:324	while trying to parse /Users/sashank/librs360-stripe-features/models/profiles.yaml: yaml: line 281: did not find expected key

2023-06-01T12:06:31.527+0530	ERROR	core/project.go:246	populating from models folders for /Users/sashank/librs360-stripe-features: while trying to parse /Users/sashank/librs360-stripe-features/models/profiles.yaml: yaml: line 281: did not find expected key

2023-06-01T12:11:59.837+0530	INFO	core/project.go:645	default idModel not required for entity user

2023-06-01T12:11:59.909+0530	ERROR	template/templates.go:39	executing sql template: [Error (where: execution) in <string> | Line 393 Col 6 near 'warehouse'] [Error (where: execution) in <string> | Line 393 Col 30 near 'beginEndMacro'] [Error (where: execution) in <string> | Line 387 Col 19 near 'warehouse'] [Error (where: execution) in <string> | Line 387 Col 43 near 'begin_block'] [Error (where: parser) in <string> | Line 23 Col 99 near '\"2006-01-02 15:04:05\")}}') '] Expected either a number, string, keyword or identifier.

2023-06-01T12:11:59.909+0530	ERROR	core/project.go:1026	executing sql component while project load for stripe_features: executing sql template: [Error (where: execution) in <string> | Line 393 Col 6 near 'warehouse'] [Error (where: execution) in <string> | Line 393 Col 30 near 'beginEndMacro'] [Error (where: execution) in <string> | Line 387 Col 19 near 'warehouse'] [Error (where: execution) in <string> | Line 387 Col 43 near 'begin_block'] [Error (where: parser) in <string> | Line 23 Col 99 near '\"2006-01-02 15:04:05\")}}') '] Expected either a number, string, keyword or identifier.

2023-06-01T12:35:36.466+0530	INFO	core/project.go:645	default idModel not required for entity user

2023-06-01T12:35:36.590+0530	INFO	run/run.go:41	Checking required schema access

2023-06-01T12:38:37.918+0530	INFO	base/interfaces.go:244	Compiled model. Material_stripe_features_5caf83d1_38 to output/dev/seq_no/38/Material_stripe_features_5caf83d1_38.sql. 


2023-06-01T12:38:40.439+0530	INFO	base/material.go:272	Preparing material Material_stripe_features_5caf83d1_38

2023-06-01T12:38:42.781+0530	INFO	base/material.go:272	Preparing material Material_stripe_id_stitcher_4647056c_38

2023-06-01T12:38:43.064+0530	INFO	base/material.go:315	Running material Material_stripe_id_stitcher_4647056c_38

2023-06-01T12:39:09.586+0530	INFO	base/material.go:325	Material Material_stripe_id_stitcher_4647056c_38 ran in 26.522864464s

2023-06-01T12:39:13.510+0530	INFO	base/material.go:315	Running material Material_stripe_features_5caf83d1_38

2023-06-01T12:39:13.804+0530	ERROR	base/material.go:320	running material sql Material_stripe_features_5caf83d1_38: processing no result iterator: 001003 (42000): SQL compilation error:
syntax error line 397 at position 15 unexpected 'OR'.
syntax error line 397 at position 26 unexpected 'TEMPORARY'.
syntax error line 397 at position 36 unexpected 'TABLE'.

2023-06-01T12:52:03.112+0530	INFO	core/project.go:645	default idModel not required for entity user

2023-06-01T12:52:03.202+0530	INFO	run/run.go:41	Checking required schema access

2023-06-01T12:55:15.724+0530	INFO	base/interfaces.go:244	Compiled model. Material_stripe_features_89ce684c_39 to output/dev/seq_no/39/Material_stripe_features_89ce684c_39.sql. 


2023-06-01T12:55:18.368+0530	INFO	base/material.go:272	Preparing material Material_stripe_features_89ce684c_39

2023-06-01T12:55:20.656+0530	INFO	base/material.go:272	Preparing material Material_stripe_id_stitcher_4647056c_39

2023-06-01T12:55:20.944+0530	INFO	base/material.go:315	Running material Material_stripe_id_stitcher_4647056c_39

2023-06-01T12:55:47.264+0530	INFO	base/material.go:325	Material Material_stripe_id_stitcher_4647056c_39 ran in 26.319974503s

2023-06-01T12:55:51.163+0530	INFO	base/material.go:315	Running material Material_stripe_features_89ce684c_39

2023-06-01T12:55:51.469+0530	ERROR	base/material.go:320	running material sql Material_stripe_features_89ce684c_39: processing no result iterator: 001003 (42000): SQL compilation error:
syntax error line 420 at position 16 unexpected 'GROUP'.
syntax error line 422 at position 8 unexpected ')'.
syntax error line 484 at position 1 unexpected 'END'.

2023-06-01T12:57:17.413+0530	INFO	core/project.go:645	default idModel not required for entity user

2023-06-01T12:57:17.501+0530	INFO	run/run.go:41	Checking required schema access

2023-06-01T13:00:26.765+0530	INFO	base/interfaces.go:244	Compiled model. Material_stripe_features_61252cc5_40 to output/dev/seq_no/40/Material_stripe_features_61252cc5_40.sql. 


2023-06-01T13:00:29.582+0530	INFO	base/material.go:272	Preparing material Material_stripe_features_61252cc5_40

2023-06-01T13:00:32.141+0530	INFO	base/material.go:272	Preparing material Material_stripe_id_stitcher_4647056c_40

2023-06-01T13:00:32.448+0530	INFO	base/material.go:315	Running material Material_stripe_id_stitcher_4647056c_40

2023-06-01T13:00:58.767+0530	INFO	base/material.go:325	Material Material_stripe_id_stitcher_4647056c_40 ran in 26.319535007s

2023-06-01T13:01:02.762+0530	INFO	base/material.go:315	Running material Material_stripe_features_61252cc5_40

2023-06-01T13:01:13.072+0530	INFO	base/material.go:325	Material Material_stripe_features_61252cc5_40 ran in 10.310536887s

2023-06-01T13:01:16.269+0530	INFO	base/interfaces.go:244	Compiled model. Material_stripe_id_stitcher_4647056c_40 to output/dev/seq_no/40/Material_stripe_id_stitcher_4647056c_40.sql. 


2023-06-01T13:04:40.644+0530	INFO	core/project.go:645	default idModel not required for entity user

2023-06-01T13:04:40.645+0530	ERROR	core/project.go:253	validating project stripe_features: validating model stripe_features: no entity var corresponding to feature: current_amount_due_subscriptions

2023-06-01T13:04:58.788+0530	INFO	core/project.go:645	default idModel not required for entity user

2023-06-01T13:04:58.862+0530	ERROR	template/templates.go:39	executing sql template: [Error (where: execution) in <string> | Line 393 Col 6 near 'warehouse'] [Error (where: execution) in <string> | Line 393 Col 30 near 'beginEndMacro'] [Error (where: execution) in <string> | Line 387 Col 19 near 'warehouse'] [Error (where: execution) in <string> | Line 387 Col 43 near 'begin_block'] [Error (where: parser) in <string> | Line 23 Col 135 near '\"2006-01-02 15:04:05\")}}')) '] Expected either a number, string, keyword or identifier.

2023-06-01T13:04:58.863+0530	ERROR	core/project.go:1026	executing sql component while project load for stripe_features: executing sql template: [Error (where: execution) in <string> | Line 393 Col 6 near 'warehouse'] [Error (where: execution) in <string> | Line 393 Col 30 near 'beginEndMacro'] [Error (where: execution) in <string> | Line 387 Col 19 near 'warehouse'] [Error (where: execution) in <string> | Line 387 Col 43 near 'begin_block'] [Error (where: parser) in <string> | Line 23 Col 135 near '\"2006-01-02 15:04:05\")}}')) '] Expected either a number, string, keyword or identifier.

2023-06-01T13:05:56.521+0530	INFO	core/project.go:645	default idModel not required for entity user

2023-06-01T13:05:56.609+0530	INFO	run/run.go:41	Checking required schema access

2023-06-01T13:09:09.336+0530	INFO	base/interfaces.go:244	Compiled model. Material_stripe_features_5b2a6da0_41 to output/dev/seq_no/41/Material_stripe_features_5b2a6da0_41.sql. 


2023-06-01T13:09:11.918+0530	INFO	base/material.go:272	Preparing material Material_stripe_features_5b2a6da0_41

2023-06-01T13:09:14.383+0530	INFO	base/material.go:272	Preparing material Material_stripe_id_stitcher_4647056c_41

2023-06-01T13:09:14.625+0530	INFO	base/material.go:315	Running material Material_stripe_id_stitcher_4647056c_41

2023-06-01T13:09:39.658+0530	INFO	base/material.go:325	Material Material_stripe_id_stitcher_4647056c_41 ran in 25.032801804s

2023-06-01T13:09:43.410+0530	INFO	base/material.go:315	Running material Material_stripe_features_5b2a6da0_41

2023-06-01T13:09:43.689+0530	ERROR	base/material.go:320	running material sql Material_stripe_features_5b2a6da0_41: processing no result iterator: 001003 (42000): SQL compilation error:
syntax error line 420 at position 16 unexpected 'GROUP'.
syntax error line 422 at position 8 unexpected ')'.
syntax error line 535 at position 1 unexpected 'END'.

2023-06-01T13:11:15.952+0530	INFO	core/project.go:645	default idModel not required for entity user

2023-06-01T13:11:16.046+0530	INFO	run/run.go:41	Checking required schema access

2023-06-01T13:14:35.171+0530	INFO	base/interfaces.go:244	Compiled model. Material_stripe_features_89ac22d5_42 to output/dev/seq_no/42/Material_stripe_features_89ac22d5_42.sql. 


2023-06-01T13:14:37.916+0530	INFO	base/material.go:272	Preparing material Material_stripe_features_89ac22d5_42

2023-06-01T13:14:40.530+0530	INFO	base/material.go:272	Preparing material Material_stripe_id_stitcher_4647056c_42

2023-06-01T13:14:40.893+0530	INFO	base/material.go:315	Running material Material_stripe_id_stitcher_4647056c_42

2023-06-01T13:15:11.618+0530	INFO	base/material.go:325	Material Material_stripe_id_stitcher_4647056c_42 ran in 30.724832566s

2023-06-01T13:15:15.292+0530	INFO	base/material.go:315	Running material Material_stripe_features_89ac22d5_42

2023-06-01T13:15:30.945+0530	INFO	base/material.go:325	Material Material_stripe_features_89ac22d5_42 ran in 15.652629636s

2023-06-01T13:15:34.384+0530	INFO	base/interfaces.go:244	Compiled model. Material_stripe_id_stitcher_4647056c_42 to output/dev/seq_no/42/Material_stripe_id_stitcher_4647056c_42.sql. 


2023-06-01T13:17:35.822+0530	INFO	core/project.go:645	default idModel not required for entity user

2023-06-01T13:17:35.823+0530	ERROR	core/project.go:253	validating project stripe_features: validating model stripe_features: no entity var corresponding to feature: days_since_first_subscription

2023-06-01T13:17:49.800+0530	INFO	core/project.go:645	default idModel not required for entity user

2023-06-01T13:17:49.874+0530	ERROR	template/templates.go:39	executing sql template: [Error (where: execution) in <string> | Line 393 Col 6 near 'warehouse'] [Error (where: execution) in <string> | Line 393 Col 30 near 'beginEndMacro'] [Error (where: execution) in <string> | Line 387 Col 19 near 'warehouse'] [Error (where: execution) in <string> | Line 387 Col 43 near 'begin_block'] [Error (where: parser) in <string> | Line 23 Col 130 near '\"2006-01-02 15:04:05\")}}') '] Expected either a number, string, keyword or identifier.

2023-06-01T13:17:49.874+0530	ERROR	core/project.go:1026	executing sql component while project load for stripe_features: executing sql template: [Error (where: execution) in <string> | Line 393 Col 6 near 'warehouse'] [Error (where: execution) in <string> | Line 393 Col 30 near 'beginEndMacro'] [Error (where: execution) in <string> | Line 387 Col 19 near 'warehouse'] [Error (where: execution) in <string> | Line 387 Col 43 near 'begin_block'] [Error (where: parser) in <string> | Line 23 Col 130 near '\"2006-01-02 15:04:05\")}}') '] Expected either a number, string, keyword or identifier.

2023-06-01T13:18:12.361+0530	INFO	core/project.go:645	default idModel not required for entity user

2023-06-01T13:18:12.451+0530	INFO	run/run.go:41	Checking required schema access

2023-06-01T13:21:28.899+0530	INFO	base/interfaces.go:244	Compiled model. Material_stripe_features_38090d1f_43 to output/dev/seq_no/43/Material_stripe_features_38090d1f_43.sql. 


2023-06-01T13:21:31.775+0530	INFO	base/material.go:272	Preparing material Material_stripe_features_38090d1f_43

2023-06-01T13:21:34.285+0530	INFO	base/material.go:272	Preparing material Material_stripe_id_stitcher_4647056c_43

2023-06-01T13:21:34.618+0530	INFO	base/material.go:315	Running material Material_stripe_id_stitcher_4647056c_43

2023-06-01T13:22:04.008+0530	INFO	base/material.go:325	Material Material_stripe_id_stitcher_4647056c_43 ran in 29.389725432s

2023-06-01T13:22:07.798+0530	INFO	base/material.go:315	Running material Material_stripe_features_38090d1f_43

2023-06-01T13:22:17.936+0530	INFO	base/material.go:325	Material Material_stripe_features_38090d1f_43 ran in 10.13725518s

2023-06-01T13:22:21.236+0530	INFO	base/interfaces.go:244	Compiled model. Material_stripe_id_stitcher_4647056c_43 to output/dev/seq_no/43/Material_stripe_id_stitcher_4647056c_43.sql. 


2023-06-01T13:22:58.382+0530	INFO	core/project.go:645	default idModel not required for entity user

2023-06-01T13:22:58.456+0530	ERROR	template/templates.go:39	executing sql template: [Error (where: execution) in <string> | Line 393 Col 6 near 'warehouse'] [Error (where: execution) in <string> | Line 393 Col 30 near 'beginEndMacro'] [Error (where: execution) in <string> | Line 387 Col 19 near 'warehouse'] [Error (where: execution) in <string> | Line 387 Col 43 near 'begin_block'] [Error (where: parser) in <string> | Line 23 Col 130 near '\"2006-01-02 15:04:05\")}}') '] Expected either a number, string, keyword or identifier.

2023-06-01T13:22:58.456+0530	ERROR	core/project.go:1026	executing sql component while project load for stripe_features: executing sql template: [Error (where: execution) in <string> | Line 393 Col 6 near 'warehouse'] [Error (where: execution) in <string> | Line 393 Col 30 near 'beginEndMacro'] [Error (where: execution) in <string> | Line 387 Col 19 near 'warehouse'] [Error (where: execution) in <string> | Line 387 Col 43 near 'begin_block'] [Error (where: parser) in <string> | Line 23 Col 130 near '\"2006-01-02 15:04:05\")}}') '] Expected either a number, string, keyword or identifier.

2023-06-01T13:23:27.844+0530	INFO	core/project.go:645	default idModel not required for entity user

2023-06-01T13:23:27.937+0530	INFO	run/run.go:41	Checking required schema access

2023-06-01T13:46:06.200+0530	INFO	base/interfaces.go:244	Compiled model. Material_stripe_features_6f2181fd_44 to output/dev/seq_no/44/Material_stripe_features_6f2181fd_44.sql. 


2023-06-01T13:46:09.181+0530	INFO	base/material.go:272	Preparing material Material_stripe_features_6f2181fd_44

2023-06-01T13:46:12.045+0530	INFO	base/material.go:272	Preparing material Material_stripe_id_stitcher_4647056c_44

2023-06-01T13:46:12.403+0530	INFO	base/material.go:315	Running material Material_stripe_id_stitcher_4647056c_44

2023-06-01T13:46:37.301+0530	INFO	base/material.go:325	Material Material_stripe_id_stitcher_4647056c_44 ran in 24.898543767s

2023-06-01T13:46:41.623+0530	INFO	base/material.go:315	Running material Material_stripe_features_6f2181fd_44

2023-06-01T13:46:51.557+0530	INFO	base/material.go:325	Material Material_stripe_features_6f2181fd_44 ran in 9.933965084s

2023-06-01T13:46:54.929+0530	INFO	base/interfaces.go:244	Compiled model. Material_stripe_id_stitcher_4647056c_44 to output/dev/seq_no/44/Material_stripe_id_stitcher_4647056c_44.sql. 


2023-06-01T13:50:12.038+0530	INFO	core/project.go:645	default idModel not required for entity user

2023-06-01T13:50:12.108+0530	INFO	run/run.go:41	Checking required schema access

2023-06-01T13:53:36.564+0530	INFO	base/interfaces.go:244	Compiled model. Material_stripe_features_98f02fc3_45 to output/dev/seq_no/45/Material_stripe_features_98f02fc3_45.sql. 


2023-06-01T13:53:39.414+0530	INFO	base/material.go:272	Preparing material Material_stripe_features_98f02fc3_45

2023-06-01T13:53:42.388+0530	INFO	base/material.go:272	Preparing material Material_stripe_id_stitcher_4647056c_45

2023-06-01T13:53:42.696+0530	INFO	base/material.go:315	Running material Material_stripe_id_stitcher_4647056c_45

2023-06-01T13:54:11.981+0530	INFO	base/material.go:325	Material Material_stripe_id_stitcher_4647056c_45 ran in 29.287404047s

2023-06-01T13:54:15.968+0530	INFO	base/material.go:315	Running material Material_stripe_features_98f02fc3_45

2023-06-01T13:54:25.800+0530	INFO	base/material.go:325	Material Material_stripe_features_98f02fc3_45 ran in 9.831278s

2023-06-01T13:54:29.999+0530	INFO	base/interfaces.go:244	Compiled model. Material_stripe_id_stitcher_4647056c_45 to output/dev/seq_no/45/Material_stripe_id_stitcher_4647056c_45.sql. 


2023-06-01T13:57:45.907+0530	INFO	core/project.go:645	default idModel not required for entity user

2023-06-01T13:57:45.908+0530	ERROR	core/project.go:253	validating project stripe_features: validating model stripe_features: entity vars defined in feature model but no features defined

2023-06-01T13:57:52.947+0530	INFO	core/project.go:645	default idModel not required for entity user

2023-06-01T13:57:53.019+0530	INFO	run/run.go:41	Checking required schema access

2023-06-01T14:01:23.413+0530	INFO	base/interfaces.go:244	Compiled model. Material_stripe_features_6eed3d92_46 to output/dev/seq_no/46/Material_stripe_features_6eed3d92_46.sql. 


2023-06-01T14:01:26.979+0530	INFO	base/material.go:272	Preparing material Material_stripe_features_6eed3d92_46

2023-06-01T14:01:30.052+0530	INFO	base/material.go:272	Preparing material Material_stripe_id_stitcher_4647056c_46

2023-06-01T14:01:30.457+0530	INFO	base/material.go:315	Running material Material_stripe_id_stitcher_4647056c_46

2023-06-01T14:01:55.366+0530	INFO	base/material.go:325	Material Material_stripe_id_stitcher_4647056c_46 ran in 24.908833979s

2023-06-01T14:02:00.043+0530	INFO	base/material.go:315	Running material Material_stripe_features_6eed3d92_46

2023-06-01T14:02:00.361+0530	ERROR	base/material.go:320	running material sql Material_stripe_features_6eed3d92_46: processing no result iterator: 001003 (42000): SQL compilation error:
syntax error line 420 at position 16 unexpected 'GROUP'.
syntax error line 422 at position 8 unexpected ')'.
syntax error line 484 at position 1 unexpected 'END'.

2023-06-01T14:04:09.352+0530	INFO	core/project.go:645	default idModel not required for entity user

2023-06-01T14:04:09.458+0530	INFO	run/run.go:41	Checking required schema access

2023-06-01T14:07:37.067+0530	INFO	base/interfaces.go:244	Compiled model. Material_stripe_features_72bcc911_47 to output/dev/seq_no/47/Material_stripe_features_72bcc911_47.sql. 


2023-06-01T14:07:39.622+0530	INFO	base/material.go:272	Preparing material Material_stripe_features_72bcc911_47

2023-06-01T14:07:42.387+0530	INFO	base/material.go:272	Preparing material Material_stripe_id_stitcher_4647056c_47

2023-06-01T14:07:42.692+0530	INFO	base/material.go:315	Running material Material_stripe_id_stitcher_4647056c_47

2023-06-01T14:08:07.671+0530	INFO	base/material.go:325	Material Material_stripe_id_stitcher_4647056c_47 ran in 24.98237155s

2023-06-01T14:08:12.586+0530	INFO	base/material.go:315	Running material Material_stripe_features_72bcc911_47

2023-06-01T14:08:25.488+0530	INFO	base/material.go:325	Material Material_stripe_features_72bcc911_47 ran in 12.902281565s

2023-06-01T14:08:29.278+0530	INFO	base/interfaces.go:244	Compiled model. Material_stripe_id_stitcher_4647056c_47 to output/dev/seq_no/47/Material_stripe_id_stitcher_4647056c_47.sql. 


2023-06-01T14:11:59.841+0530	ERROR	core/project.go:344	populating macros for /Users/sashank/librs360-stripe-features: reading macro template {% macro macro_datediff(column,end_date) export %}{% if !({{end_time}}|isnil) %} datediff(day, date({{column}}), date('{{{{end_time}}.Format("2006-01-02 15:04:05")}}')) {% else %} datediff(day, date({{column}}), GETDATE()) {% endif %}{% endmacro %}: [Error (where: parser) in <string> | Line 1 Col 59 near '{{'] Expected either a number, string, keyword or identifier.

2023-06-01T14:11:59.842+0530	ERROR	core/project.go:246	populating from models folders for /Users/sashank/librs360-stripe-features: populating macros for /Users/sashank/librs360-stripe-features: reading macro template {% macro macro_datediff(column,end_date) export %}{% if !({{end_time}}|isnil) %} datediff(day, date({{column}}), date('{{{{end_time}}.Format("2006-01-02 15:04:05")}}')) {% else %} datediff(day, date({{column}}), GETDATE()) {% endif %}{% endmacro %}: [Error (where: parser) in <string> | Line 1 Col 59 near '{{'] Expected either a number, string, keyword or identifier.

2023-06-01T14:12:16.588+0530	ERROR	core/project.go:344	populating macros for /Users/sashank/librs360-stripe-features: reading macro template {% macro macro_datediff(column,end_date) export %}{% if !({{end_time}}|isnil) %} datediff(day, date({{column}}), date('{{{{end_time}}.Format("2006-01-02 15:04:05")}}')) {% else %} datediff(day, date({{column}}), GETDATE()) {% endif %}{% endmacro %}: [Error (where: parser) in <string> | Line 1 Col 59 near '{{'] Expected either a number, string, keyword or identifier.

2023-06-01T14:12:16.588+0530	ERROR	core/project.go:246	populating from models folders for /Users/sashank/librs360-stripe-features: populating macros for /Users/sashank/librs360-stripe-features: reading macro template {% macro macro_datediff(column,end_date) export %}{% if !({{end_time}}|isnil) %} datediff(day, date({{column}}), date('{{{{end_time}}.Format("2006-01-02 15:04:05")}}')) {% else %} datediff(day, date({{column}}), GETDATE()) {% endif %}{% endmacro %}: [Error (where: parser) in <string> | Line 1 Col 59 near '{{'] Expected either a number, string, keyword or identifier.

2023-06-01T14:13:17.452+0530	ERROR	core/project.go:344	populating macros for /Users/sashank/librs360-stripe-features: reading macro template {% macro macro_datediff(column,end_time) export %}{% if !({{end_time}}|isnil) %} datediff(day, date({{column}}), date('{{{{end_time}}.Format("2006-01-02 15:04:05")}}')) {% else %} datediff(day, date({{column}}), GETDATE()) {% endif %}{% endmacro %}: [Error (where: parser) in <string> | Line 1 Col 59 near '{{'] Expected either a number, string, keyword or identifier.

2023-06-01T14:13:17.453+0530	ERROR	core/project.go:246	populating from models folders for /Users/sashank/librs360-stripe-features: populating macros for /Users/sashank/librs360-stripe-features: reading macro template {% macro macro_datediff(column,end_time) export %}{% if !({{end_time}}|isnil) %} datediff(day, date({{column}}), date('{{{{end_time}}.Format("2006-01-02 15:04:05")}}')) {% else %} datediff(day, date({{column}}), GETDATE()) {% endif %}{% endmacro %}: [Error (where: parser) in <string> | Line 1 Col 59 near '{{'] Expected either a number, string, keyword or identifier.

2023-06-01T14:14:59.024+0530	ERROR	core/project.go:344	populating macros for /Users/sashank/librs360-stripe-features: reading macro template {% macro macro_datediff(column,end_time) export %}{% if !({{end_time}}|isnil) %} datediff(day, date({{column}}), date('{{end_time.Format("2006-01-02 15:04:05")}}')) {% else %} datediff(day, date({{column}}), GETDATE()) {% endif %}{% endmacro %}: [Error (where: parser) in <string> | Line 1 Col 59 near '{{'] Expected either a number, string, keyword or identifier.

2023-06-01T14:14:59.024+0530	ERROR	core/project.go:246	populating from models folders for /Users/sashank/librs360-stripe-features: populating macros for /Users/sashank/librs360-stripe-features: reading macro template {% macro macro_datediff(column,end_time) export %}{% if !({{end_time}}|isnil) %} datediff(day, date({{column}}), date('{{end_time.Format("2006-01-02 15:04:05")}}')) {% else %} datediff(day, date({{column}}), GETDATE()) {% endif %}{% endmacro %}: [Error (where: parser) in <string> | Line 1 Col 59 near '{{'] Expected either a number, string, keyword or identifier.

2023-06-01T14:15:25.552+0530	INFO	core/project.go:645	default idModel not required for entity user

2023-06-01T14:15:25.618+0530	INFO	run/run.go:41	Checking required schema access

2023-06-01T14:18:40.016+0530	INFO	base/interfaces.go:244	Compiled model. Material_stripe_features_969280d6_48 to output/dev/seq_no/48/Material_stripe_features_969280d6_48.sql. 


2023-06-01T14:18:42.761+0530	INFO	base/material.go:272	Preparing material Material_stripe_features_969280d6_48

2023-06-01T14:18:45.424+0530	INFO	base/material.go:272	Preparing material Material_stripe_id_stitcher_e646afc1_48

2023-06-01T14:18:45.730+0530	INFO	base/material.go:315	Running material Material_stripe_id_stitcher_e646afc1_48

2023-06-01T14:19:09.797+0530	INFO	base/material.go:325	Material Material_stripe_id_stitcher_e646afc1_48 ran in 24.06818086s

2023-06-01T14:19:14.300+0530	INFO	base/material.go:315	Running material Material_stripe_features_969280d6_48

2023-06-01T14:19:21.169+0530	ERROR	base/material.go:320	running material sql Material_stripe_features_969280d6_48: processing no result iterator: 000904 (42000): Uncaught exception of type 'STATEMENT_ERROR' on line 269 at position 8 : SQL compilation error: error line 6 at position 47
invalid identifier 'END_TIME'

2023-06-01T14:21:09.128+0530	INFO	core/project.go:645	default idModel not required for entity user

2023-06-01T14:21:09.196+0530	INFO	run/run.go:41	Checking required schema access

2023-06-01T14:24:23.870+0530	INFO	base/interfaces.go:244	Compiled model. Material_stripe_features_25f933c1_49 to output/dev/seq_no/49/Material_stripe_features_25f933c1_49.sql. 


2023-06-01T14:24:27.746+0530	INFO	base/material.go:272	Preparing material Material_stripe_features_25f933c1_49

2023-06-01T14:24:30.307+0530	INFO	base/material.go:272	Preparing material Material_stripe_id_stitcher_e3c823f3_49

2023-06-01T14:24:30.613+0530	INFO	base/material.go:315	Running material Material_stripe_id_stitcher_e3c823f3_49

2023-06-01T14:24:58.056+0530	INFO	base/material.go:325	Material Material_stripe_id_stitcher_e3c823f3_49 ran in 27.443814785s

2023-06-01T14:25:02.152+0530	INFO	base/material.go:315	Running material Material_stripe_features_25f933c1_49

2023-06-01T14:25:07.784+0530	ERROR	base/material.go:320	running material sql Material_stripe_features_25f933c1_49: processing no result iterator: 002140 (42601): Uncaught exception of type 'STATEMENT_ERROR' on line 269 at position 8 : SQL compilation error:
Unknown function MACRO_DATEDIFF

2023-06-01T14:34:34.596+0530	INFO	core/project.go:645	default idModel not required for entity user

2023-06-01T14:34:34.687+0530	ERROR	template/templates.go:39	executing sql template: [Error (where: execution) in <string> | Line 393 Col 6 near 'warehouse'] [Error (where: execution) in <string> | Line 393 Col 30 near 'beginEndMacro'] [Error (where: execution) in <string> | Line 387 Col 19 near 'warehouse'] [Error (where: execution) in <string> | Line 387 Col 43 near 'begin_block'] [Error (where: execution) in <string> | Line 11 Col 19 near 'macro_datediff'] running exec tag: [Error (where: execution) in <string> | Line 11 Col 34 near 'first_sale_time'] No value found for first_sale_time

2023-06-01T14:34:34.687+0530	ERROR	core/project.go:1026	executing sql component while project load for stripe_features: executing sql template: [Error (where: execution) in <string> | Line 393 Col 6 near 'warehouse'] [Error (where: execution) in <string> | Line 393 Col 30 near 'beginEndMacro'] [Error (where: execution) in <string> | Line 387 Col 19 near 'warehouse'] [Error (where: execution) in <string> | Line 387 Col 43 near 'begin_block'] [Error (where: execution) in <string> | Line 11 Col 19 near 'macro_datediff'] running exec tag: [Error (where: execution) in <string> | Line 11 Col 34 near 'first_sale_time'] No value found for first_sale_time

2023-06-01T14:43:08.416+0530	INFO	core/project.go:645	default idModel not required for entity user

2023-06-01T14:43:27.482+0530	INFO	core/project.go:645	default idModel not required for entity user

2023-06-01T14:43:27.552+0530	ERROR	template/templates.go:39	executing sql template: [Error (where: execution) in <string> | Line 393 Col 6 near 'warehouse'] [Error (where: execution) in <string> | Line 393 Col 30 near 'beginEndMacro'] [Error (where: execution) in <string> | Line 387 Col 19 near 'warehouse'] [Error (where: execution) in <string> | Line 387 Col 43 near 'begin_block'] [Error (where: execution) in <string> | Line 11 Col 19 near 'macro_datediff'] running exec tag: [Error (where: execution) in <string> | Line 11 Col 34 near 'first_sale_time'] No value found for first_sale_time

2023-06-01T14:43:27.552+0530	ERROR	core/project.go:1026	executing sql component while project load for stripe_features: executing sql template: [Error (where: execution) in <string> | Line 393 Col 6 near 'warehouse'] [Error (where: execution) in <string> | Line 393 Col 30 near 'beginEndMacro'] [Error (where: execution) in <string> | Line 387 Col 19 near 'warehouse'] [Error (where: execution) in <string> | Line 387 Col 43 near 'begin_block'] [Error (where: execution) in <string> | Line 11 Col 19 near 'macro_datediff'] running exec tag: [Error (where: execution) in <string> | Line 11 Col 34 near 'first_sale_time'] No value found for first_sale_time

2023-06-01T14:43:49.667+0530	INFO	core/project.go:645	default idModel not required for entity user

2023-06-01T14:43:49.732+0530	ERROR	template/templates.go:39	executing sql template: [Error (where: execution) in <string> | Line 393 Col 6 near 'warehouse'] [Error (where: execution) in <string> | Line 393 Col 30 near 'beginEndMacro'] [Error (where: execution) in <string> | Line 387 Col 19 near 'warehouse'] [Error (where: execution) in <string> | Line 387 Col 43 near 'begin_block'] [Error (where: execution) in <string> | Line 11 Col 19 near 'macro_datediff'] running exec tag: [Error (where: execution) in <string> | Line 11 Col 34 near 'first_sale_time'] No value found for first_sale_time

2023-06-01T14:43:49.732+0530	ERROR	core/project.go:1026	executing sql component while project load for stripe_features: executing sql template: [Error (where: execution) in <string> | Line 393 Col 6 near 'warehouse'] [Error (where: execution) in <string> | Line 393 Col 30 near 'beginEndMacro'] [Error (where: execution) in <string> | Line 387 Col 19 near 'warehouse'] [Error (where: execution) in <string> | Line 387 Col 43 near 'begin_block'] [Error (where: execution) in <string> | Line 11 Col 19 near 'macro_datediff'] running exec tag: [Error (where: execution) in <string> | Line 11 Col 34 near 'first_sale_time'] No value found for first_sale_time

2023-06-01T15:51:22.863+0530	INFO	core/project.go:645	default idModel not required for entity user

2023-06-01T15:54:40.690+0530	INFO	core/project.go:645	default idModel not required for entity user

2023-06-01T15:55:14.040+0530	INFO	core/project.go:645	default idModel not required for entity user

2023-06-01T16:54:50.491+0530	INFO	core/project.go:645	default idModel not required for entity user

2023-06-01T16:54:50.575+0530	INFO	run/run.go:41	Checking required schema access

2023-06-01T16:57:57.104+0530	INFO	base/interfaces.go:244	Compiled model. Material_stripe_features_31f8b40f_51 to output/dev/seq_no/51/Material_stripe_features_31f8b40f_51.sql. 


2023-06-01T16:57:59.737+0530	INFO	base/material.go:272	Preparing material Material_stripe_features_31f8b40f_51

2023-06-01T16:58:02.147+0530	INFO	base/material.go:272	Preparing material Material_stripe_id_stitcher_e3c823f3_51

2023-06-01T16:58:02.396+0530	INFO	base/material.go:315	Running material Material_stripe_id_stitcher_e3c823f3_51

2023-06-01T16:58:29.951+0530	INFO	base/material.go:325	Material Material_stripe_id_stitcher_e3c823f3_51 ran in 27.554264249s

2023-06-01T16:58:33.871+0530	INFO	base/material.go:315	Running material Material_stripe_features_31f8b40f_51

2023-06-01T16:58:47.241+0530	INFO	base/material.go:325	Material Material_stripe_features_31f8b40f_51 ran in 13.369572301s

2023-06-01T16:58:50.648+0530	INFO	base/interfaces.go:244	Compiled model. Material_stripe_id_stitcher_e3c823f3_51 to output/dev/seq_no/51/Material_stripe_id_stitcher_e3c823f3_51.sql. 


2023-06-01T17:15:30.577+0530	INFO	core/project.go:645	default idModel not required for entity user

2023-06-01T17:15:30.663+0530	INFO	run/run.go:41	Checking required schema access

2023-06-01T17:18:34.096+0530	INFO	base/interfaces.go:244	Compiled model. Material_stripe_features_56c02594_54 to output/dev/seq_no/54/Material_stripe_features_56c02594_54.sql. 


2023-06-01T17:18:36.844+0530	INFO	base/material.go:272	Preparing material Material_stripe_features_56c02594_54

2023-06-01T17:18:39.503+0530	INFO	base/material.go:272	Preparing material Material_stripe_id_stitcher_e3c823f3_54

2023-06-01T17:18:39.813+0530	INFO	base/material.go:315	Running material Material_stripe_id_stitcher_e3c823f3_54

2023-06-01T17:19:04.390+0530	INFO	base/material.go:325	Material Material_stripe_id_stitcher_e3c823f3_54 ran in 24.576492667s

2023-06-01T17:19:08.925+0530	INFO	base/material.go:315	Running material Material_stripe_features_56c02594_54

2023-06-01T17:19:25.135+0530	INFO	base/material.go:325	Material Material_stripe_features_56c02594_54 ran in 16.209978209s

2023-06-01T17:19:28.575+0530	INFO	base/interfaces.go:244	Compiled model. Material_stripe_id_stitcher_e3c823f3_54 to output/dev/seq_no/54/Material_stripe_id_stitcher_e3c823f3_54.sql. 


2023-06-01T17:39:26.724+0530	INFO	core/project.go:645	default idModel not required for entity user

2023-06-01T17:39:26.801+0530	ERROR	template/templates.go:39	executing sql template: [Error (where: execution) in <string> | Line 393 Col 6 near 'warehouse'] [Error (where: execution) in <string> | Line 393 Col 30 near 'beginEndMacro'] [Error (where: execution) in <string> | Line 387 Col 19 near 'warehouse'] [Error (where: execution) in <string> | Line 387 Col 43 near 'begin_block'] [Error (where: execution) in <string> | Line 23 Col 19 near 'macro_datediff_n_equal_365'] running exec tag: [Error (where: execution) in <string> | Line 23 Col 46 near 'created'] No value found for created

2023-06-01T17:39:26.801+0530	ERROR	core/project.go:1026	executing sql component while project load for stripe_features: executing sql template: [Error (where: execution) in <string> | Line 393 Col 6 near 'warehouse'] [Error (where: execution) in <string> | Line 393 Col 30 near 'beginEndMacro'] [Error (where: execution) in <string> | Line 387 Col 19 near 'warehouse'] [Error (where: execution) in <string> | Line 387 Col 43 near 'begin_block'] [Error (where: execution) in <string> | Line 23 Col 19 near 'macro_datediff_n_equal_365'] running exec tag: [Error (where: execution) in <string> | Line 23 Col 46 near 'created'] No value found for created

2023-06-01T17:40:07.214+0530	INFO	core/project.go:645	default idModel not required for entity user

2023-06-01T17:40:07.301+0530	INFO	run/run.go:41	Checking required schema access

2023-06-01T17:43:05.936+0530	INFO	base/interfaces.go:244	Compiled model. Material_stripe_features_03094948_55 to output/dev/seq_no/55/Material_stripe_features_03094948_55.sql. 


2023-06-01T17:43:08.962+0530	INFO	base/material.go:272	Preparing material Material_stripe_features_03094948_55

2023-06-01T17:43:11.622+0530	INFO	base/material.go:272	Preparing material Material_stripe_id_stitcher_e3c823f3_55

2023-06-01T17:43:11.929+0530	INFO	base/material.go:315	Running material Material_stripe_id_stitcher_e3c823f3_55

2023-06-01T17:43:39.167+0530	INFO	base/material.go:325	Material Material_stripe_id_stitcher_e3c823f3_55 ran in 27.238245025s

2023-06-01T17:43:43.058+0530	INFO	base/material.go:315	Running material Material_stripe_features_03094948_55

2023-06-01T17:44:04.151+0530	INFO	base/material.go:325	Material Material_stripe_features_03094948_55 ran in 21.096011847s

2023-06-01T17:44:07.252+0530	INFO	base/interfaces.go:244	Compiled model. Material_stripe_id_stitcher_e3c823f3_55 to output/dev/seq_no/55/Material_stripe_id_stitcher_e3c823f3_55.sql. 


2023-06-01T22:44:45.370+0530	INFO	core/project.go:645	default idModel not required for entity user

2023-06-01T22:44:45.446+0530	INFO	run/run.go:41	Checking required schema access

2023-06-01T22:47:53.963+0530	INFO	base/interfaces.go:244	Compiled model. Material_stripe_features_03dfd433_56 to output/dev/seq_no/56/Material_stripe_features_03dfd433_56.sql. 


2023-06-01T22:47:56.703+0530	INFO	base/material.go:272	Preparing material Material_stripe_features_03dfd433_56

2023-06-01T22:47:59.468+0530	INFO	base/material.go:272	Preparing material Material_stripe_id_stitcher_e3c823f3_56

2023-06-01T22:47:59.774+0530	INFO	base/material.go:315	Running material Material_stripe_id_stitcher_e3c823f3_56

2023-06-01T22:48:29.170+0530	INFO	base/material.go:325	Material Material_stripe_id_stitcher_e3c823f3_56 ran in 29.395255908s

2023-06-01T22:48:33.465+0530	INFO	base/material.go:315	Running material Material_stripe_features_03dfd433_56

2023-06-01T22:49:09.614+0530	INFO	base/material.go:325	Material Material_stripe_features_03dfd433_56 ran in 36.148698525s

2023-06-01T22:49:13.021+0530	INFO	base/interfaces.go:244	Compiled model. Material_stripe_id_stitcher_e3c823f3_56 to output/dev/seq_no/56/Material_stripe_id_stitcher_e3c823f3_56.sql. 


2023-06-01T22:51:55.282+0530	INFO	core/project.go:645	default idModel not required for entity user

2023-06-01T22:51:55.378+0530	INFO	run/run.go:41	Checking required schema access

2023-06-01T22:54:58.400+0530	INFO	base/interfaces.go:244	Compiled model. Material_stripe_features_1448137b_57 to output/dev/seq_no/57/Material_stripe_features_1448137b_57.sql. 


2023-06-01T22:55:01.041+0530	INFO	base/material.go:272	Preparing material Material_stripe_features_1448137b_57

2023-06-01T22:55:04.006+0530	INFO	base/material.go:272	Preparing material Material_stripe_id_stitcher_e3c823f3_57

2023-06-01T22:55:04.318+0530	INFO	base/material.go:315	Running material Material_stripe_id_stitcher_e3c823f3_57

2023-06-01T22:55:32.377+0530	INFO	base/material.go:325	Material Material_stripe_id_stitcher_e3c823f3_57 ran in 28.059057306s

2023-06-01T22:55:36.635+0530	INFO	base/material.go:315	Running material Material_stripe_features_1448137b_57

2023-06-01T22:56:15.589+0530	INFO	base/material.go:325	Material Material_stripe_features_1448137b_57 ran in 38.953734859s

2023-06-01T22:56:18.760+0530	INFO	base/interfaces.go:244	Compiled model. Material_stripe_id_stitcher_e3c823f3_57 to output/dev/seq_no/57/Material_stripe_id_stitcher_e3c823f3_57.sql. 


2023-06-02T09:20:41.862+0530	ERROR	core/project.go:354	getting constructed models: listing models for child source models/: error listing models: error parsing model build spec for stripe_features: error parsing yaml.  Parse result:
entity_key: user
validity_time: 24h0m0s
macros:
    - name: macro_datediff
      inputs:
        - column
      value: '{% if !(end_time|isnil) %} datediff(day, date({{column}}), date(''{{end_time.Format("2006-01-02 15:04:05")}}'')) {% else %} datediff(day, date({{column}}), GETDATE()) {% endif %}'
    - name: macro_datediff_n_equal_365
      inputs:
        - column
      value: '{% if !(end_time|isnil) %} datediff(day, date({{column}}), date(''{{end_time.Format("2006-01-02 15:04:05")}}'')) <=365 {% else %} datediff(day, date({{column}}), GETDATE()) <= 365 {% endif %}'
    - name: temp_macro
      value: '{{column1}} > 0 and ({{column2}} is null or {{column2}} > {% if !(end_time|isnil) %} date(''{{end_time.Format("2006-01-02 15:04:05")}}'') {% else %} GETDATE()) {% endif %})'
vars:
    - entity_var:
        name: shipping_address_country_ts
        select: max(created)
        from: inputs/rsStripeCharges
        where: currency is not null and currency != ''
    - entity_var:
        name: shipping_address_country
        select: max(billing_details_address_country)
        from: inputs/rsStripeCharges
        where: created = shipping_address_country_ts
    - entity_var:
        name: shipping_address_state_ts
        select: max(created)
        from: inputs/rsStripeCharges
        where: currency is not null and currency != ''
    - entity_var:
        name: shipping_address_state
        select: max(billing_details_address_state)
        from: inputs/rsStripeCharges
        where: created = shipping_address_state_ts
    - entity_var:
        name: customer_currency_ts
        select: max(created)
        from: inputs/rsStripeCharges
        where: currency is not null and currency != ''
    - entity_var:
        name: customer_currency
        select: max(currency)
        from: inputs/rsStripeCharges
        where: created = customer_currency_ts
    - entity_var:
        name: payment_method_details_card_network_ts
        select: max(created)
        from: inputs/rsStripeCharges
        where: currency is not null and currency != ''
    - entity_var:
        name: payment_method_details_card_network
        select: max(payment_method_details_card_network)
        from: inputs/rsStripeCharges
        where: created = payment_method_details_card_network_ts
    - entity_var:
        name: is_delinquent
        select: max(delinquent)
        from: inputs/rsStripeCustomers
    - entity_var:
        name: has_credit_card
        select: max(case when (payment_method_details_card_funding = 'credit' and status = 'succeeded') then 1 else 0 end)
        from: inputs/rsStripeCharges
    - entity_var:
        name: first_sale_time
        select: min(created)
        from: inputs/rsStripeCharges
        where: status = 'succeeded'
    - entity_var:
        name: days_since_first_sale
        select: '{{macro_datediff(''first_sale_time'')}}'
    - entity_var:
        name: last_purchase_time
        select: max(created)
        from: inputs/rsStripeCharges
        where: status = 'succeeded'
    - entity_var:
        name: days_since_last_purchase
        select: '{{macro_datediff(''last_purchase_time'')}}'
    - entity_var:
        name: total_sales
        select: sum(amount)
        from: inputs/rsStripeBalanceHistory
        where: type = 'charge'
    - entity_var:
        name: total_refunds
        select: sum(amount)
        from: inputs/rsStripeBalanceHistory
        where: type = 'refund'
    - entity_var:
        name: total_fees
        select: sum(fee)
        from: inputs/rsStripeBalanceHistory
    - entity_var:
        name: total_amt_spent
        select: sum(amount)
        from: inputs/rsStripeBalanceHistory
    - entity_var:
        name: total_net_transaction_amount
        select: sum(net)
        from: inputs/rsStripeBalanceHistory
    - entity_var:
        name: average_transaction_value
        select: avg(amount)
        from: inputs/rsStripeBalanceHistory
    - entity_var:
        name: highest_transaction_value
        select: max(amount)
        from: inputs/rsStripeBalanceHistory
    - entity_var:
        name: total_transactions
        select: sum(case when type = 'charge' then 1 else 0 end)
        from: inputs/rsStripeBalanceHistory
    - entity_var:
        name: refund_count
        select: sum(case when type = 'refund' then 1 else 0 end)
        from: inputs/rsStripeBalanceHistory
    - entity_var:
        name: total_failed_charge_amount
        select: sum(amount)
        from: inputs/rsStripeCharges
        where: status = 'failed'
    - entity_var:
        name: total_failed_charge_count
        select: sum(case when status = 'failed' then 1 else 0 end)
        from: inputs/rsStripeCharges
    - entity_var:
        name: sales_in_past_365_days
        select: sum(case when type = 'charge' then amount else 0 end)
        from: inputs/rsStripeBalanceHistory
        where: '{{macro_datediff_n_equal_365(''created'')}}'
    - entity_var:
        name: refund_in_past_365_days
        select: sum(case when type = 'refund' then amount else 0 end)
        from: inputs/rsStripeBalanceHistory
        where: '{{macro_datediff_n_equal_365(''created'')}}'
    - entity_var:
        name: fees_in_past_365_days
        select: sum(fee)
        from: inputs/rsStripeBalanceHistory
        where: '{{macro_datediff_n_equal_365(''created'')}}'
    - entity_var:
        name: amt_spent_in_past_365_days
        select: sum(amount)
        from: inputs/rsStripeBalanceHistory
        where: '{{macro_datediff_n_equal_365(''created'')}}'
    - entity_var:
        name: average_transaction_value_in_past_365_days
        select: avg(amount)
        from: inputs/rsStripeBalanceHistory
        where: '{{macro_datediff_n_equal_365(''created'')}}'
    - entity_var:
        name: highest_transaction_value_in_past_365_days
        select: max(amount)
        from: inputs/rsStripeBalanceHistory
        where: '{{macro_datediff_n_equal_365(''created'')}}'
    - entity_var:
        name: net_transaction_amount_in_past_365_days
        select: sum(net)
        from: inputs/rsStripeBalanceHistory
        where: '{{macro_datediff_n_equal_365(''created'')}}'
    - entity_var:
        name: transactions_in_past_365_days
        select: sum(case when type = 'charge' then 1 else 0 end)
        from: inputs/rsStripeBalanceHistory
        where: '{{macro_datediff_n_equal_365(''created'')}}'
    - entity_var:
        name: refund_count_in_past_365_days
        select: sum(case when type = 'refund' then 1 else 0 end)
        from: inputs/rsStripeBalanceHistory
        where: '{{macro_datediff_n_equal_365(''created'')}}'
    - entity_var:
        name: n_subscriptions_total
        select: count( distinct subscriptions_id)
        from: models/rsStripeInvoicesView
    - entity_var:
        name: n_plans_total
        select: count( distinct plan_id)
        from: models/rsStripeInvoicesView
    - entity_var:
        name: n_paid_intervals
        select: count( distinct invoices_id)
        from: models/rsStripeInvoicesView
        where: '{% if !(end_time|isnil) %} charges_created_timestamp is not null or charges_created_timestamp < date(''{{end_time.Format("2006-01-02 15:04:05")}}'') {% else %} charges_created_timestamp is not null or charges_created_timestamp < GETDATE() {% endif %}'
    - input_var:
        name: subscriptions_renewal_count
        select: sum(case when charges_amount > 0 then 1 else 0 end)
        from: models/rsStripeInvoicesView
        window:
            partition_by:
                - subscriptions_id
    - entity_var:
        name: n_max_renewals
        select: case when max(subscriptions_renewal_count) = 0 then null else max(subscriptions_renewal_count) - 1 end
        from: models/rsStripeInvoicesView
    - entity_var:
        name: distinct_plans_subscribed
        select: array_agg(distinct plan_id)
        from: models/rsStripeInvoicesView
    - entity_var:
        name: current_amount_due_subscriptions
        select: sum(amount_due)
        from: models/rsStripeInvoicesView
        where: ( {% if !(end_time|isnil) %} charges_created_timestamp > date('{{end_time.Format("2006-01-02 15:04:05")}}') {% else %} charges_created_timestamp > GETDATE() {% endif %} and canceled_at is null )  or ( {% if !(end_time|isnil) %} canceled_at > date('{{end_time.Format("2006-01-02 15:04:05")}}') {% else %} canceled_at > GETDATE() {% endif %}  and amount_due > 0 )
    - entity_var:
        name: amt_spent_subscriptions
        select: sum(charges_amount) - sum(case when refund_amount is not null then refund_amount else 0 end)
        from: models/rsStripeInvoicesView
        where: invoices_id is not null
    - entity_var:
        name: first_subscription_time
        select: min(charges_created_timestamp)
        from: models/rsStripeInvoicesView
        where: invoices_id is not null and (canceled_at is null or {% if !(end_time|isnil) %} canceled_at > date('{{end_time.Format("2006-01-02 15:04:05")}}') {% else %} canceled_at > GETDATE() {% endif %})
    - entity_var:
        name: days_since_first_subscription
        select: '{% if !(end_time|isnil) %} datediff(day, date(first_subscription_time), date(''{{end_time.Format("2006-01-02 15:04:05")}}'')) {% else %} datediff(day, date(first_subscription_time), GETDATE()) {% endif %}'
    - entity_var:
        name: total_active_subscriptions
        select: count( distinct subscriptions_id)
        from: models/rsStripeInvoicesView
        where: temp_macro(charges_amount,canceled_at)
    - entity_var:
        name: total_active_plans
        select: count( distinct plan_id)
        from: models/rsStripeInvoicesView
        where: temp_macro(charges_amount,canceled_at)
    - entity_var:
        name: active_plan_intervals
        select: array_agg(plan_interval)
        from: models/rsStripeInvoicesView
        where: temp_macro(charges_amount,canceled_at)
    - entity_var:
        name: total_active_plan_amount
        select: sum(plan_amount)
        from: models/rsStripeInvoicesView
        where: temp_macro(charges_amount,canceled_at)
features:
    - shipping_address_country
    - shipping_address_state
    - customer_currency
    - payment_method_details_card_network
    - is_delinquent
    - has_credit_card
    - days_since_first_sale
    - days_since_last_purchase
    - total_sales
    - total_refunds
    - total_fees
    - total_amt_spent
    - total_net_transaction_amount
    - average_transaction_value
    - highest_transaction_value
    - total_transactions
    - refund_count
    - total_failed_charge_amount
    - total_failed_charge_count
    - sales_in_past_365_days
    - refund_in_past_365_days
    - fees_in_past_365_days
    - amt_spent_in_past_365_days
    - average_transaction_value_in_past_365_days
    - highest_transaction_value_in_past_365_days
    - net_transaction_amount_in_past_365_days
    - transactions_in_past_365_days
    - refund_count_in_past_365_days
    - n_subscriptions_total
    - n_plans_total
    - n_paid_intervals
    - n_max_renewals
    - distinct_plans_subscribed
    - current_amount_due_subscriptions
    - amt_spent_subscriptions
    - days_since_first_subscription
    - total_active_subscriptions
    - total_active_plans
    - active_plan_intervals
    - total_active_plan_amount

Parse error:yaml: unmarshal errors:
  line 52: field input not found in type macro.Declaration

2023-06-02T09:20:41.867+0530	ERROR	core/project.go:246	populating from models folders for /Users/sashank/librs360-stripe-features: getting constructed models: listing models for child source models/: error listing models: error parsing model build spec for stripe_features: error parsing yaml.  Parse result:
entity_key: user
validity_time: 24h0m0s
macros:
    - name: macro_datediff
      inputs:
        - column
      value: '{% if !(end_time|isnil) %} datediff(day, date({{column}}), date(''{{end_time.Format("2006-01-02 15:04:05")}}'')) {% else %} datediff(day, date({{column}}), GETDATE()) {% endif %}'
    - name: macro_datediff_n_equal_365
      inputs:
        - column
      value: '{% if !(end_time|isnil) %} datediff(day, date({{column}}), date(''{{end_time.Format("2006-01-02 15:04:05")}}'')) <=365 {% else %} datediff(day, date({{column}}), GETDATE()) <= 365 {% endif %}'
    - name: temp_macro
      value: '{{column1}} > 0 and ({{column2}} is null or {{column2}} > {% if !(end_time|isnil) %} date(''{{end_time.Format("2006-01-02 15:04:05")}}'') {% else %} GETDATE()) {% endif %})'
vars:
    - entity_var:
        name: shipping_address_country_ts
        select: max(created)
        from: inputs/rsStripeCharges
        where: currency is not null and currency != ''
    - entity_var:
        name: shipping_address_country
        select: max(billing_details_address_country)
        from: inputs/rsStripeCharges
        where: created = shipping_address_country_ts
    - entity_var:
        name: shipping_address_state_ts
        select: max(created)
        from: inputs/rsStripeCharges
        where: currency is not null and currency != ''
    - entity_var:
        name: shipping_address_state
        select: max(billing_details_address_state)
        from: inputs/rsStripeCharges
        where: created = shipping_address_state_ts
    - entity_var:
        name: customer_currency_ts
        select: max(created)
        from: inputs/rsStripeCharges
        where: currency is not null and currency != ''
    - entity_var:
        name: customer_currency
        select: max(currency)
        from: inputs/rsStripeCharges
        where: created = customer_currency_ts
    - entity_var:
        name: payment_method_details_card_network_ts
        select: max(created)
        from: inputs/rsStripeCharges
        where: currency is not null and currency != ''
    - entity_var:
        name: payment_method_details_card_network
        select: max(payment_method_details_card_network)
        from: inputs/rsStripeCharges
        where: created = payment_method_details_card_network_ts
    - entity_var:
        name: is_delinquent
        select: max(delinquent)
        from: inputs/rsStripeCustomers
    - entity_var:
        name: has_credit_card
        select: max(case when (payment_method_details_card_funding = 'credit' and status = 'succeeded') then 1 else 0 end)
        from: inputs/rsStripeCharges
    - entity_var:
        name: first_sale_time
        select: min(created)
        from: inputs/rsStripeCharges
        where: status = 'succeeded'
    - entity_var:
        name: days_since_first_sale
        select: '{{macro_datediff(''first_sale_time'')}}'
    - entity_var:
        name: last_purchase_time
        select: max(created)
        from: inputs/rsStripeCharges
        where: status = 'succeeded'
    - entity_var:
        name: days_since_last_purchase
        select: '{{macro_datediff(''last_purchase_time'')}}'
    - entity_var:
        name: total_sales
        select: sum(amount)
        from: inputs/rsStripeBalanceHistory
        where: type = 'charge'
    - entity_var:
        name: total_refunds
        select: sum(amount)
        from: inputs/rsStripeBalanceHistory
        where: type = 'refund'
    - entity_var:
        name: total_fees
        select: sum(fee)
        from: inputs/rsStripeBalanceHistory
    - entity_var:
        name: total_amt_spent
        select: sum(amount)
        from: inputs/rsStripeBalanceHistory
    - entity_var:
        name: total_net_transaction_amount
        select: sum(net)
        from: inputs/rsStripeBalanceHistory
    - entity_var:
        name: average_transaction_value
        select: avg(amount)
        from: inputs/rsStripeBalanceHistory
    - entity_var:
        name: highest_transaction_value
        select: max(amount)
        from: inputs/rsStripeBalanceHistory
    - entity_var:
        name: total_transactions
        select: sum(case when type = 'charge' then 1 else 0 end)
        from: inputs/rsStripeBalanceHistory
    - entity_var:
        name: refund_count
        select: sum(case when type = 'refund' then 1 else 0 end)
        from: inputs/rsStripeBalanceHistory
    - entity_var:
        name: total_failed_charge_amount
        select: sum(amount)
        from: inputs/rsStripeCharges
        where: status = 'failed'
    - entity_var:
        name: total_failed_charge_count
        select: sum(case when status = 'failed' then 1 else 0 end)
        from: inputs/rsStripeCharges
    - entity_var:
        name: sales_in_past_365_days
        select: sum(case when type = 'charge' then amount else 0 end)
        from: inputs/rsStripeBalanceHistory
        where: '{{macro_datediff_n_equal_365(''created'')}}'
    - entity_var:
        name: refund_in_past_365_days
        select: sum(case when type = 'refund' then amount else 0 end)
        from: inputs/rsStripeBalanceHistory
        where: '{{macro_datediff_n_equal_365(''created'')}}'
    - entity_var:
        name: fees_in_past_365_days
        select: sum(fee)
        from: inputs/rsStripeBalanceHistory
        where: '{{macro_datediff_n_equal_365(''created'')}}'
    - entity_var:
        name: amt_spent_in_past_365_days
        select: sum(amount)
        from: inputs/rsStripeBalanceHistory
        where: '{{macro_datediff_n_equal_365(''created'')}}'
    - entity_var:
        name: average_transaction_value_in_past_365_days
        select: avg(amount)
        from: inputs/rsStripeBalanceHistory
        where: '{{macro_datediff_n_equal_365(''created'')}}'
    - entity_var:
        name: highest_transaction_value_in_past_365_days
        select: max(amount)
        from: inputs/rsStripeBalanceHistory
        where: '{{macro_datediff_n_equal_365(''created'')}}'
    - entity_var:
        name: net_transaction_amount_in_past_365_days
        select: sum(net)
        from: inputs/rsStripeBalanceHistory
        where: '{{macro_datediff_n_equal_365(''created'')}}'
    - entity_var:
        name: transactions_in_past_365_days
        select: sum(case when type = 'charge' then 1 else 0 end)
        from: inputs/rsStripeBalanceHistory
        where: '{{macro_datediff_n_equal_365(''created'')}}'
    - entity_var:
        name: refund_count_in_past_365_days
        select: sum(case when type = 'refund' then 1 else 0 end)
        from: inputs/rsStripeBalanceHistory
        where: '{{macro_datediff_n_equal_365(''created'')}}'
    - entity_var:
        name: n_subscriptions_total
        select: count( distinct subscriptions_id)
        from: models/rsStripeInvoicesView
    - entity_var:
        name: n_plans_total
        select: count( distinct plan_id)
        from: models/rsStripeInvoicesView
    - entity_var:
        name: n_paid_intervals
        select: count( distinct invoices_id)
        from: models/rsStripeInvoicesView
        where: '{% if !(end_time|isnil) %} charges_created_timestamp is not null or charges_created_timestamp < date(''{{end_time.Format("2006-01-02 15:04:05")}}'') {% else %} charges_created_timestamp is not null or charges_created_timestamp < GETDATE() {% endif %}'
    - input_var:
        name: subscriptions_renewal_count
        select: sum(case when charges_amount > 0 then 1 else 0 end)
        from: models/rsStripeInvoicesView
        window:
            partition_by:
                - subscriptions_id
    - entity_var:
        name: n_max_renewals
        select: case when max(subscriptions_renewal_count) = 0 then null else max(subscriptions_renewal_count) - 1 end
        from: models/rsStripeInvoicesView
    - entity_var:
        name: distinct_plans_subscribed
        select: array_agg(distinct plan_id)
        from: models/rsStripeInvoicesView
    - entity_var:
        name: current_amount_due_subscriptions
        select: sum(amount_due)
        from: models/rsStripeInvoicesView
        where: ( {% if !(end_time|isnil) %} charges_created_timestamp > date('{{end_time.Format("2006-01-02 15:04:05")}}') {% else %} charges_created_timestamp > GETDATE() {% endif %} and canceled_at is null )  or ( {% if !(end_time|isnil) %} canceled_at > date('{{end_time.Format("2006-01-02 15:04:05")}}') {% else %} canceled_at > GETDATE() {% endif %}  and amount_due > 0 )
    - entity_var:
        name: amt_spent_subscriptions
        select: sum(charges_amount) - sum(case when refund_amount is not null then refund_amount else 0 end)
        from: models/rsStripeInvoicesView
        where: invoices_id is not null
    - entity_var:
        name: first_subscription_time
        select: min(charges_created_timestamp)
        from: models/rsStripeInvoicesView
        where: invoices_id is not null and (canceled_at is null or {% if !(end_time|isnil) %} canceled_at > date('{{end_time.Format("2006-01-02 15:04:05")}}') {% else %} canceled_at > GETDATE() {% endif %})
    - entity_var:
        name: days_since_first_subscription
        select: '{% if !(end_time|isnil) %} datediff(day, date(first_subscription_time), date(''{{end_time.Format("2006-01-02 15:04:05")}}'')) {% else %} datediff(day, date(first_subscription_time), GETDATE()) {% endif %}'
    - entity_var:
        name: total_active_subscriptions
        select: count( distinct subscriptions_id)
        from: models/rsStripeInvoicesView
        where: temp_macro(charges_amount,canceled_at)
    - entity_var:
        name: total_active_plans
        select: count( distinct plan_id)
        from: models/rsStripeInvoicesView
        where: temp_macro(charges_amount,canceled_at)
    - entity_var:
        name: active_plan_intervals
        select: array_agg(plan_interval)
        from: models/rsStripeInvoicesView
        where: temp_macro(charges_amount,canceled_at)
    - entity_var:
        name: total_active_plan_amount
        select: sum(plan_amount)
        from: models/rsStripeInvoicesView
        where: temp_macro(charges_amount,canceled_at)
features:
    - shipping_address_country
    - shipping_address_state
    - customer_currency
    - payment_method_details_card_network
    - is_delinquent
    - has_credit_card
    - days_since_first_sale
    - days_since_last_purchase
    - total_sales
    - total_refunds
    - total_fees
    - total_amt_spent
    - total_net_transaction_amount
    - average_transaction_value
    - highest_transaction_value
    - total_transactions
    - refund_count
    - total_failed_charge_amount
    - total_failed_charge_count
    - sales_in_past_365_days
    - refund_in_past_365_days
    - fees_in_past_365_days
    - amt_spent_in_past_365_days
    - average_transaction_value_in_past_365_days
    - highest_transaction_value_in_past_365_days
    - net_transaction_amount_in_past_365_days
    - transactions_in_past_365_days
    - refund_count_in_past_365_days
    - n_subscriptions_total
    - n_plans_total
    - n_paid_intervals
    - n_max_renewals
    - distinct_plans_subscribed
    - current_amount_due_subscriptions
    - amt_spent_subscriptions
    - days_since_first_subscription
    - total_active_subscriptions
    - total_active_plans
    - active_plan_intervals
    - total_active_plan_amount

Parse error:yaml: unmarshal errors:
  line 52: field input not found in type macro.Declaration

2023-06-02T09:21:34.558+0530	ERROR	core/project.go:354	getting constructed models: listing models for child source models/: error listing models: error parsing model build spec for stripe_features: error parsing yaml.  Parse result:
entity_key: user
validity_time: 24h0m0s
macros:
    - name: macro_datediff
      inputs:
        - column
      value: '{% if !(end_time|isnil) %} datediff(day, date({{column}}), date(''{{end_time.Format("2006-01-02 15:04:05")}}'')) {% else %} datediff(day, date({{column}}), GETDATE()) {% endif %}'
    - name: macro_datediff_n_equal_365
      inputs:
        - column
      value: '{% if !(end_time|isnil) %} datediff(day, date({{column}}), date(''{{end_time.Format("2006-01-02 15:04:05")}}'')) <=365 {% else %} datediff(day, date({{column}}), GETDATE()) <= 365 {% endif %}'
    - name: temp_macro
      value: '{{column1}} > 0 and ({{column2}} is null or {{column2}} > {% if !(end_time|isnil) %} date(''{{end_time.Format("2006-01-02 15:04:05")}}'') {% else %} GETDATE()) {% endif %})'
vars:
    - entity_var:
        name: shipping_address_country_ts
        select: max(created)
        from: inputs/rsStripeCharges
        where: currency is not null and currency != ''
    - entity_var:
        name: shipping_address_country
        select: max(billing_details_address_country)
        from: inputs/rsStripeCharges
        where: created = shipping_address_country_ts
    - entity_var:
        name: shipping_address_state_ts
        select: max(created)
        from: inputs/rsStripeCharges
        where: currency is not null and currency != ''
    - entity_var:
        name: shipping_address_state
        select: max(billing_details_address_state)
        from: inputs/rsStripeCharges
        where: created = shipping_address_state_ts
    - entity_var:
        name: customer_currency_ts
        select: max(created)
        from: inputs/rsStripeCharges
        where: currency is not null and currency != ''
    - entity_var:
        name: customer_currency
        select: max(currency)
        from: inputs/rsStripeCharges
        where: created = customer_currency_ts
    - entity_var:
        name: payment_method_details_card_network_ts
        select: max(created)
        from: inputs/rsStripeCharges
        where: currency is not null and currency != ''
    - entity_var:
        name: payment_method_details_card_network
        select: max(payment_method_details_card_network)
        from: inputs/rsStripeCharges
        where: created = payment_method_details_card_network_ts
    - entity_var:
        name: is_delinquent
        select: max(delinquent)
        from: inputs/rsStripeCustomers
    - entity_var:
        name: has_credit_card
        select: max(case when (payment_method_details_card_funding = 'credit' and status = 'succeeded') then 1 else 0 end)
        from: inputs/rsStripeCharges
    - entity_var:
        name: first_sale_time
        select: min(created)
        from: inputs/rsStripeCharges
        where: status = 'succeeded'
    - entity_var:
        name: days_since_first_sale
        select: '{{macro_datediff(''first_sale_time'')}}'
    - entity_var:
        name: last_purchase_time
        select: max(created)
        from: inputs/rsStripeCharges
        where: status = 'succeeded'
    - entity_var:
        name: days_since_last_purchase
        select: '{{macro_datediff(''last_purchase_time'')}}'
    - entity_var:
        name: total_sales
        select: sum(amount)
        from: inputs/rsStripeBalanceHistory
        where: type = 'charge'
    - entity_var:
        name: total_refunds
        select: sum(amount)
        from: inputs/rsStripeBalanceHistory
        where: type = 'refund'
    - entity_var:
        name: total_fees
        select: sum(fee)
        from: inputs/rsStripeBalanceHistory
    - entity_var:
        name: total_amt_spent
        select: sum(amount)
        from: inputs/rsStripeBalanceHistory
    - entity_var:
        name: total_net_transaction_amount
        select: sum(net)
        from: inputs/rsStripeBalanceHistory
    - entity_var:
        name: average_transaction_value
        select: avg(amount)
        from: inputs/rsStripeBalanceHistory
    - entity_var:
        name: highest_transaction_value
        select: max(amount)
        from: inputs/rsStripeBalanceHistory
    - entity_var:
        name: total_transactions
        select: sum(case when type = 'charge' then 1 else 0 end)
        from: inputs/rsStripeBalanceHistory
    - entity_var:
        name: refund_count
        select: sum(case when type = 'refund' then 1 else 0 end)
        from: inputs/rsStripeBalanceHistory
    - entity_var:
        name: total_failed_charge_amount
        select: sum(amount)
        from: inputs/rsStripeCharges
        where: status = 'failed'
    - entity_var:
        name: total_failed_charge_count
        select: sum(case when status = 'failed' then 1 else 0 end)
        from: inputs/rsStripeCharges
    - entity_var:
        name: sales_in_past_365_days
        select: sum(case when type = 'charge' then amount else 0 end)
        from: inputs/rsStripeBalanceHistory
        where: '{{macro_datediff_n_equal_365(''created'')}}'
    - entity_var:
        name: refund_in_past_365_days
        select: sum(case when type = 'refund' then amount else 0 end)
        from: inputs/rsStripeBalanceHistory
        where: '{{macro_datediff_n_equal_365(''created'')}}'
    - entity_var:
        name: fees_in_past_365_days
        select: sum(fee)
        from: inputs/rsStripeBalanceHistory
        where: '{{macro_datediff_n_equal_365(''created'')}}'
    - entity_var:
        name: amt_spent_in_past_365_days
        select: sum(amount)
        from: inputs/rsStripeBalanceHistory
        where: '{{macro_datediff_n_equal_365(''created'')}}'
    - entity_var:
        name: average_transaction_value_in_past_365_days
        select: avg(amount)
        from: inputs/rsStripeBalanceHistory
        where: '{{macro_datediff_n_equal_365(''created'')}}'
    - entity_var:
        name: highest_transaction_value_in_past_365_days
        select: max(amount)
        from: inputs/rsStripeBalanceHistory
        where: '{{macro_datediff_n_equal_365(''created'')}}'
    - entity_var:
        name: net_transaction_amount_in_past_365_days
        select: sum(net)
        from: inputs/rsStripeBalanceHistory
        where: '{{macro_datediff_n_equal_365(''created'')}}'
    - entity_var:
        name: transactions_in_past_365_days
        select: sum(case when type = 'charge' then 1 else 0 end)
        from: inputs/rsStripeBalanceHistory
        where: '{{macro_datediff_n_equal_365(''created'')}}'
    - entity_var:
        name: refund_count_in_past_365_days
        select: sum(case when type = 'refund' then 1 else 0 end)
        from: inputs/rsStripeBalanceHistory
        where: '{{macro_datediff_n_equal_365(''created'')}}'
    - entity_var:
        name: n_subscriptions_total
        select: count( distinct subscriptions_id)
        from: models/rsStripeInvoicesView
    - entity_var:
        name: n_plans_total
        select: count( distinct plan_id)
        from: models/rsStripeInvoicesView
    - entity_var:
        name: n_paid_intervals
        select: count( distinct invoices_id)
        from: models/rsStripeInvoicesView
        where: '{% if !(end_time|isnil) %} charges_created_timestamp is not null or charges_created_timestamp < date(''{{end_time.Format("2006-01-02 15:04:05")}}'') {% else %} charges_created_timestamp is not null or charges_created_timestamp < GETDATE() {% endif %}'
    - input_var:
        name: subscriptions_renewal_count
        select: sum(case when charges_amount > 0 then 1 else 0 end)
        from: models/rsStripeInvoicesView
        window:
            partition_by:
                - subscriptions_id
    - entity_var:
        name: n_max_renewals
        select: case when max(subscriptions_renewal_count) = 0 then null else max(subscriptions_renewal_count) - 1 end
        from: models/rsStripeInvoicesView
    - entity_var:
        name: distinct_plans_subscribed
        select: array_agg(distinct plan_id)
        from: models/rsStripeInvoicesView
    - entity_var:
        name: current_amount_due_subscriptions
        select: sum(amount_due)
        from: models/rsStripeInvoicesView
        where: ( {% if !(end_time|isnil) %} charges_created_timestamp > date('{{end_time.Format("2006-01-02 15:04:05")}}') {% else %} charges_created_timestamp > GETDATE() {% endif %} and canceled_at is null )  or ( {% if !(end_time|isnil) %} canceled_at > date('{{end_time.Format("2006-01-02 15:04:05")}}') {% else %} canceled_at > GETDATE() {% endif %}  and amount_due > 0 )
    - entity_var:
        name: amt_spent_subscriptions
        select: sum(charges_amount) - sum(case when refund_amount is not null then refund_amount else 0 end)
        from: models/rsStripeInvoicesView
        where: invoices_id is not null
    - entity_var:
        name: first_subscription_time
        select: min(charges_created_timestamp)
        from: models/rsStripeInvoicesView
        where: invoices_id is not null and (canceled_at is null or {% if !(end_time|isnil) %} canceled_at > date('{{end_time.Format("2006-01-02 15:04:05")}}') {% else %} canceled_at > GETDATE() {% endif %})
    - entity_var:
        name: days_since_first_subscription
        select: '{% if !(end_time|isnil) %} datediff(day, date(first_subscription_time), date(''{{end_time.Format("2006-01-02 15:04:05")}}'')) {% else %} datediff(day, date(first_subscription_time), GETDATE()) {% endif %}'
    - entity_var:
        name: total_active_subscriptions
        select: count( distinct subscriptions_id)
        from: models/rsStripeInvoicesView
        where: '{{temp_macro(''charges_amount'',''canceled_at'')}}'
    - entity_var:
        name: total_active_plans
        select: count( distinct plan_id)
        from: models/rsStripeInvoicesView
        where: '{{temp_macro(''charges_amount'',''canceled_at'')}}'
    - entity_var:
        name: active_plan_intervals
        select: array_agg(plan_interval)
        from: models/rsStripeInvoicesView
        where: '{{temp_macro(''charges_amount'',''canceled_at'')}}'
    - entity_var:
        name: total_active_plan_amount
        select: sum(plan_amount)
        from: models/rsStripeInvoicesView
        where: '{{temp_macro(''charges_amount'',''canceled_at'')}}'
features:
    - shipping_address_country
    - shipping_address_state
    - customer_currency
    - payment_method_details_card_network
    - is_delinquent
    - has_credit_card
    - days_since_first_sale
    - days_since_last_purchase
    - total_sales
    - total_refunds
    - total_fees
    - total_amt_spent
    - total_net_transaction_amount
    - average_transaction_value
    - highest_transaction_value
    - total_transactions
    - refund_count
    - total_failed_charge_amount
    - total_failed_charge_count
    - sales_in_past_365_days
    - refund_in_past_365_days
    - fees_in_past_365_days
    - amt_spent_in_past_365_days
    - average_transaction_value_in_past_365_days
    - highest_transaction_value_in_past_365_days
    - net_transaction_amount_in_past_365_days
    - transactions_in_past_365_days
    - refund_count_in_past_365_days
    - n_subscriptions_total
    - n_plans_total
    - n_paid_intervals
    - n_max_renewals
    - distinct_plans_subscribed
    - current_amount_due_subscriptions
    - amt_spent_subscriptions
    - days_since_first_subscription
    - total_active_subscriptions
    - total_active_plans
    - active_plan_intervals
    - total_active_plan_amount

Parse error:yaml: unmarshal errors:
  line 52: field input not found in type macro.Declaration

2023-06-02T09:21:34.560+0530	ERROR	core/project.go:246	populating from models folders for /Users/sashank/librs360-stripe-features: getting constructed models: listing models for child source models/: error listing models: error parsing model build spec for stripe_features: error parsing yaml.  Parse result:
entity_key: user
validity_time: 24h0m0s
macros:
    - name: macro_datediff
      inputs:
        - column
      value: '{% if !(end_time|isnil) %} datediff(day, date({{column}}), date(''{{end_time.Format("2006-01-02 15:04:05")}}'')) {% else %} datediff(day, date({{column}}), GETDATE()) {% endif %}'
    - name: macro_datediff_n_equal_365
      inputs:
        - column
      value: '{% if !(end_time|isnil) %} datediff(day, date({{column}}), date(''{{end_time.Format("2006-01-02 15:04:05")}}'')) <=365 {% else %} datediff(day, date({{column}}), GETDATE()) <= 365 {% endif %}'
    - name: temp_macro
      value: '{{column1}} > 0 and ({{column2}} is null or {{column2}} > {% if !(end_time|isnil) %} date(''{{end_time.Format("2006-01-02 15:04:05")}}'') {% else %} GETDATE()) {% endif %})'
vars:
    - entity_var:
        name: shipping_address_country_ts
        select: max(created)
        from: inputs/rsStripeCharges
        where: currency is not null and currency != ''
    - entity_var:
        name: shipping_address_country
        select: max(billing_details_address_country)
        from: inputs/rsStripeCharges
        where: created = shipping_address_country_ts
    - entity_var:
        name: shipping_address_state_ts
        select: max(created)
        from: inputs/rsStripeCharges
        where: currency is not null and currency != ''
    - entity_var:
        name: shipping_address_state
        select: max(billing_details_address_state)
        from: inputs/rsStripeCharges
        where: created = shipping_address_state_ts
    - entity_var:
        name: customer_currency_ts
        select: max(created)
        from: inputs/rsStripeCharges
        where: currency is not null and currency != ''
    - entity_var:
        name: customer_currency
        select: max(currency)
        from: inputs/rsStripeCharges
        where: created = customer_currency_ts
    - entity_var:
        name: payment_method_details_card_network_ts
        select: max(created)
        from: inputs/rsStripeCharges
        where: currency is not null and currency != ''
    - entity_var:
        name: payment_method_details_card_network
        select: max(payment_method_details_card_network)
        from: inputs/rsStripeCharges
        where: created = payment_method_details_card_network_ts
    - entity_var:
        name: is_delinquent
        select: max(delinquent)
        from: inputs/rsStripeCustomers
    - entity_var:
        name: has_credit_card
        select: max(case when (payment_method_details_card_funding = 'credit' and status = 'succeeded') then 1 else 0 end)
        from: inputs/rsStripeCharges
    - entity_var:
        name: first_sale_time
        select: min(created)
        from: inputs/rsStripeCharges
        where: status = 'succeeded'
    - entity_var:
        name: days_since_first_sale
        select: '{{macro_datediff(''first_sale_time'')}}'
    - entity_var:
        name: last_purchase_time
        select: max(created)
        from: inputs/rsStripeCharges
        where: status = 'succeeded'
    - entity_var:
        name: days_since_last_purchase
        select: '{{macro_datediff(''last_purchase_time'')}}'
    - entity_var:
        name: total_sales
        select: sum(amount)
        from: inputs/rsStripeBalanceHistory
        where: type = 'charge'
    - entity_var:
        name: total_refunds
        select: sum(amount)
        from: inputs/rsStripeBalanceHistory
        where: type = 'refund'
    - entity_var:
        name: total_fees
        select: sum(fee)
        from: inputs/rsStripeBalanceHistory
    - entity_var:
        name: total_amt_spent
        select: sum(amount)
        from: inputs/rsStripeBalanceHistory
    - entity_var:
        name: total_net_transaction_amount
        select: sum(net)
        from: inputs/rsStripeBalanceHistory
    - entity_var:
        name: average_transaction_value
        select: avg(amount)
        from: inputs/rsStripeBalanceHistory
    - entity_var:
        name: highest_transaction_value
        select: max(amount)
        from: inputs/rsStripeBalanceHistory
    - entity_var:
        name: total_transactions
        select: sum(case when type = 'charge' then 1 else 0 end)
        from: inputs/rsStripeBalanceHistory
    - entity_var:
        name: refund_count
        select: sum(case when type = 'refund' then 1 else 0 end)
        from: inputs/rsStripeBalanceHistory
    - entity_var:
        name: total_failed_charge_amount
        select: sum(amount)
        from: inputs/rsStripeCharges
        where: status = 'failed'
    - entity_var:
        name: total_failed_charge_count
        select: sum(case when status = 'failed' then 1 else 0 end)
        from: inputs/rsStripeCharges
    - entity_var:
        name: sales_in_past_365_days
        select: sum(case when type = 'charge' then amount else 0 end)
        from: inputs/rsStripeBalanceHistory
        where: '{{macro_datediff_n_equal_365(''created'')}}'
    - entity_var:
        name: refund_in_past_365_days
        select: sum(case when type = 'refund' then amount else 0 end)
        from: inputs/rsStripeBalanceHistory
        where: '{{macro_datediff_n_equal_365(''created'')}}'
    - entity_var:
        name: fees_in_past_365_days
        select: sum(fee)
        from: inputs/rsStripeBalanceHistory
        where: '{{macro_datediff_n_equal_365(''created'')}}'
    - entity_var:
        name: amt_spent_in_past_365_days
        select: sum(amount)
        from: inputs/rsStripeBalanceHistory
        where: '{{macro_datediff_n_equal_365(''created'')}}'
    - entity_var:
        name: average_transaction_value_in_past_365_days
        select: avg(amount)
        from: inputs/rsStripeBalanceHistory
        where: '{{macro_datediff_n_equal_365(''created'')}}'
    - entity_var:
        name: highest_transaction_value_in_past_365_days
        select: max(amount)
        from: inputs/rsStripeBalanceHistory
        where: '{{macro_datediff_n_equal_365(''created'')}}'
    - entity_var:
        name: net_transaction_amount_in_past_365_days
        select: sum(net)
        from: inputs/rsStripeBalanceHistory
        where: '{{macro_datediff_n_equal_365(''created'')}}'
    - entity_var:
        name: transactions_in_past_365_days
        select: sum(case when type = 'charge' then 1 else 0 end)
        from: inputs/rsStripeBalanceHistory
        where: '{{macro_datediff_n_equal_365(''created'')}}'
    - entity_var:
        name: refund_count_in_past_365_days
        select: sum(case when type = 'refund' then 1 else 0 end)
        from: inputs/rsStripeBalanceHistory
        where: '{{macro_datediff_n_equal_365(''created'')}}'
    - entity_var:
        name: n_subscriptions_total
        select: count( distinct subscriptions_id)
        from: models/rsStripeInvoicesView
    - entity_var:
        name: n_plans_total
        select: count( distinct plan_id)
        from: models/rsStripeInvoicesView
    - entity_var:
        name: n_paid_intervals
        select: count( distinct invoices_id)
        from: models/rsStripeInvoicesView
        where: '{% if !(end_time|isnil) %} charges_created_timestamp is not null or charges_created_timestamp < date(''{{end_time.Format("2006-01-02 15:04:05")}}'') {% else %} charges_created_timestamp is not null or charges_created_timestamp < GETDATE() {% endif %}'
    - input_var:
        name: subscriptions_renewal_count
        select: sum(case when charges_amount > 0 then 1 else 0 end)
        from: models/rsStripeInvoicesView
        window:
            partition_by:
                - subscriptions_id
    - entity_var:
        name: n_max_renewals
        select: case when max(subscriptions_renewal_count) = 0 then null else max(subscriptions_renewal_count) - 1 end
        from: models/rsStripeInvoicesView
    - entity_var:
        name: distinct_plans_subscribed
        select: array_agg(distinct plan_id)
        from: models/rsStripeInvoicesView
    - entity_var:
        name: current_amount_due_subscriptions
        select: sum(amount_due)
        from: models/rsStripeInvoicesView
        where: ( {% if !(end_time|isnil) %} charges_created_timestamp > date('{{end_time.Format("2006-01-02 15:04:05")}}') {% else %} charges_created_timestamp > GETDATE() {% endif %} and canceled_at is null )  or ( {% if !(end_time|isnil) %} canceled_at > date('{{end_time.Format("2006-01-02 15:04:05")}}') {% else %} canceled_at > GETDATE() {% endif %}  and amount_due > 0 )
    - entity_var:
        name: amt_spent_subscriptions
        select: sum(charges_amount) - sum(case when refund_amount is not null then refund_amount else 0 end)
        from: models/rsStripeInvoicesView
        where: invoices_id is not null
    - entity_var:
        name: first_subscription_time
        select: min(charges_created_timestamp)
        from: models/rsStripeInvoicesView
        where: invoices_id is not null and (canceled_at is null or {% if !(end_time|isnil) %} canceled_at > date('{{end_time.Format("2006-01-02 15:04:05")}}') {% else %} canceled_at > GETDATE() {% endif %})
    - entity_var:
        name: days_since_first_subscription
        select: '{% if !(end_time|isnil) %} datediff(day, date(first_subscription_time), date(''{{end_time.Format("2006-01-02 15:04:05")}}'')) {% else %} datediff(day, date(first_subscription_time), GETDATE()) {% endif %}'
    - entity_var:
        name: total_active_subscriptions
        select: count( distinct subscriptions_id)
        from: models/rsStripeInvoicesView
        where: '{{temp_macro(''charges_amount'',''canceled_at'')}}'
    - entity_var:
        name: total_active_plans
        select: count( distinct plan_id)
        from: models/rsStripeInvoicesView
        where: '{{temp_macro(''charges_amount'',''canceled_at'')}}'
    - entity_var:
        name: active_plan_intervals
        select: array_agg(plan_interval)
        from: models/rsStripeInvoicesView
        where: '{{temp_macro(''charges_amount'',''canceled_at'')}}'
    - entity_var:
        name: total_active_plan_amount
        select: sum(plan_amount)
        from: models/rsStripeInvoicesView
        where: '{{temp_macro(''charges_amount'',''canceled_at'')}}'
features:
    - shipping_address_country
    - shipping_address_state
    - customer_currency
    - payment_method_details_card_network
    - is_delinquent
    - has_credit_card
    - days_since_first_sale
    - days_since_last_purchase
    - total_sales
    - total_refunds
    - total_fees
    - total_amt_spent
    - total_net_transaction_amount
    - average_transaction_value
    - highest_transaction_value
    - total_transactions
    - refund_count
    - total_failed_charge_amount
    - total_failed_charge_count
    - sales_in_past_365_days
    - refund_in_past_365_days
    - fees_in_past_365_days
    - amt_spent_in_past_365_days
    - average_transaction_value_in_past_365_days
    - highest_transaction_value_in_past_365_days
    - net_transaction_amount_in_past_365_days
    - transactions_in_past_365_days
    - refund_count_in_past_365_days
    - n_subscriptions_total
    - n_plans_total
    - n_paid_intervals
    - n_max_renewals
    - distinct_plans_subscribed
    - current_amount_due_subscriptions
    - amt_spent_subscriptions
    - days_since_first_subscription
    - total_active_subscriptions
    - total_active_plans
    - active_plan_intervals
    - total_active_plan_amount

Parse error:yaml: unmarshal errors:
  line 52: field input not found in type macro.Declaration

2023-06-02T09:21:50.075+0530	INFO	core/project.go:645	default idModel not required for entity user

2023-06-02T09:21:50.235+0530	INFO	run/run.go:41	Checking required schema access

2023-06-02T09:25:32.814+0530	INFO	base/interfaces.go:244	Compiled model. Material_stripe_features_8568c145_58 to output/dev/seq_no/58/Material_stripe_features_8568c145_58.sql. 


2023-06-02T09:25:35.794+0530	INFO	base/material.go:272	Preparing material Material_stripe_features_8568c145_58

2023-06-02T09:25:39.162+0530	INFO	base/material.go:272	Preparing material Material_stripe_id_stitcher_e3c823f3_58

2023-06-02T09:25:39.476+0530	INFO	base/material.go:315	Running material Material_stripe_id_stitcher_e3c823f3_58

2023-06-02T09:26:06.606+0530	INFO	base/material.go:325	Material Material_stripe_id_stitcher_e3c823f3_58 ran in 27.129470958s

2023-06-02T09:26:11.124+0530	INFO	base/material.go:315	Running material Material_stripe_features_8568c145_58

2023-06-02T09:28:06.421+0530	INFO	base/material.go:325	Material Material_stripe_features_8568c145_58 ran in 1m55.298860895s

2023-06-02T09:28:10.103+0530	INFO	base/interfaces.go:244	Compiled model. Material_stripe_id_stitcher_e3c823f3_58 to output/dev/seq_no/58/Material_stripe_id_stitcher_e3c823f3_58.sql. 


2023-06-02T09:48:37.532+0530	INFO	core/project.go:645	default idModel not required for entity user

2023-06-02T09:48:37.704+0530	INFO	run/run.go:41	Checking required schema access

2023-06-02T09:52:27.453+0530	INFO	base/interfaces.go:244	Compiled model. Material_stripe_features_a27a8619_59 to output/dev/seq_no/59/Material_stripe_features_a27a8619_59.sql. 


2023-06-02T09:52:30.335+0530	INFO	base/material.go:272	Preparing material Material_stripe_features_a27a8619_59

2023-06-02T09:52:33.196+0530	INFO	base/material.go:272	Preparing material Material_stripe_id_stitcher_e3c823f3_59

2023-06-02T09:52:33.507+0530	INFO	base/material.go:315	Running material Material_stripe_id_stitcher_e3c823f3_59

2023-06-02T09:53:02.488+0530	INFO	base/material.go:325	Material Material_stripe_id_stitcher_e3c823f3_59 ran in 28.981421522s

2023-06-02T09:53:06.907+0530	INFO	base/material.go:315	Running material Material_stripe_features_a27a8619_59

2023-06-02T09:55:07.938+0530	INFO	base/material.go:325	Material Material_stripe_features_a27a8619_59 ran in 2m1.019059598s

2023-06-02T09:55:11.523+0530	INFO	base/interfaces.go:244	Compiled model. Material_stripe_id_stitcher_e3c823f3_59 to output/dev/seq_no/59/Material_stripe_id_stitcher_e3c823f3_59.sql. 


2023-06-02T10:31:05.300+0530	INFO	core/project.go:645	default idModel not required for entity user

2023-06-02T10:31:05.471+0530	INFO	run/run.go:41	Checking required schema access

2023-06-02T10:34:46.533+0530	INFO	base/interfaces.go:244	Compiled model. Material_stripe_features_a27a8619_60 to output/dev/seq_no/60/Material_stripe_features_a27a8619_60.sql. 


2023-06-02T10:34:49.408+0530	INFO	base/material.go:272	Preparing material Material_stripe_features_a27a8619_60

2023-06-02T10:34:52.074+0530	INFO	base/material.go:272	Preparing material Material_stripe_id_stitcher_e3c823f3_60

2023-06-02T10:34:52.381+0530	INFO	base/material.go:315	Running material Material_stripe_id_stitcher_e3c823f3_60

2023-06-02T10:35:18.393+0530	INFO	base/material.go:325	Material Material_stripe_id_stitcher_e3c823f3_60 ran in 26.012236251s

2023-06-02T10:35:22.699+0530	INFO	base/material.go:315	Running material Material_stripe_features_a27a8619_60

2023-06-02T10:37:26.601+0530	INFO	base/material.go:325	Material Material_stripe_features_a27a8619_60 ran in 2m3.90464336s

2023-06-02T10:37:30.587+0530	INFO	base/interfaces.go:244	Compiled model. Material_stripe_id_stitcher_e3c823f3_60 to output/dev/seq_no/60/Material_stripe_id_stitcher_e3c823f3_60.sql. 


2023-06-02T10:55:50.589+0530	INFO	core/project.go:645	default idModel not required for entity user

2023-06-02T10:55:50.753+0530	INFO	run/run.go:41	Checking required schema access

2023-06-02T10:59:38.874+0530	INFO	base/interfaces.go:244	Compiled model. Material_stripe_features_a27a8619_61 to output/dev/seq_no/61/Material_stripe_features_a27a8619_61.sql. 


2023-06-02T10:59:41.801+0530	INFO	base/material.go:272	Preparing material Material_stripe_features_a27a8619_61

2023-06-02T10:59:44.474+0530	INFO	base/material.go:272	Preparing material Material_stripe_id_stitcher_e3c823f3_61

2023-06-02T10:59:44.781+0530	INFO	base/material.go:315	Running material Material_stripe_id_stitcher_e3c823f3_61

2023-06-02T11:00:14.672+0530	INFO	base/material.go:325	Material Material_stripe_id_stitcher_e3c823f3_61 ran in 29.891095705s

2023-06-02T11:00:18.975+0530	INFO	base/material.go:315	Running material Material_stripe_features_a27a8619_61

2023-06-02T11:02:20.667+0530	INFO	base/material.go:325	Material Material_stripe_features_a27a8619_61 ran in 2m1.694192819s

2023-06-02T11:02:24.615+0530	INFO	base/interfaces.go:244	Compiled model. Material_stripe_id_stitcher_e3c823f3_61 to output/dev/seq_no/61/Material_stripe_id_stitcher_e3c823f3_61.sql. 


2023-06-02T11:09:58.625+0530	INFO	core/project.go:645	default idModel not required for entity user

2023-06-02T11:09:58.796+0530	INFO	run/run.go:41	Checking required schema access

2023-06-02T11:13:21.461+0530	INFO	base/interfaces.go:244	Compiled model. Material_stripe_features_b61873d6_61 to output/dev/seq_no/61/Material_stripe_features_b61873d6_61.sql. 


2023-06-02T11:13:24.241+0530	INFO	base/material.go:272	Preparing material Material_stripe_features_b61873d6_61

2023-06-02T11:13:27.104+0530	INFO	base/material.go:272	Preparing material Material_stripe_id_stitcher_e3c823f3_61

2023-06-02T11:13:27.416+0530	INFO	base/material.go:315	Running material Material_stripe_id_stitcher_e3c823f3_61

2023-06-02T11:13:52.603+0530	INFO	base/material.go:325	Material Material_stripe_id_stitcher_e3c823f3_61 ran in 25.191093716s

2023-06-02T11:13:56.697+0530	INFO	base/material.go:315	Running material Material_stripe_features_b61873d6_61

2023-06-02T11:15:53.943+0530	INFO	base/material.go:325	Material Material_stripe_features_b61873d6_61 ran in 1m57.252548365s

2023-06-02T11:15:57.556+0530	INFO	base/interfaces.go:244	Compiled model. Material_stripe_id_stitcher_e3c823f3_61 to output/dev/seq_no/61/Material_stripe_id_stitcher_e3c823f3_61.sql. 


2023-06-02T11:20:26.745+0530	INFO	core/project.go:645	default idModel not required for entity user

2023-06-02T11:20:26.905+0530	INFO	run/run.go:41	Checking required schema access

2023-06-02T11:23:58.981+0530	INFO	base/interfaces.go:244	Compiled model. Material_stripe_features_b61873d6_60 to output/dev/seq_no/60/Material_stripe_features_b61873d6_60.sql. 


2023-06-02T11:24:02.466+0530	INFO	base/material.go:272	Preparing material Material_stripe_features_b61873d6_60

2023-06-02T11:24:05.484+0530	INFO	base/material.go:272	Preparing material Material_stripe_id_stitcher_e3c823f3_60

2023-06-02T11:24:06.767+0530	INFO	base/material.go:315	Running material Material_stripe_id_stitcher_e3c823f3_60

2023-06-02T11:24:31.142+0530	INFO	base/material.go:325	Material Material_stripe_id_stitcher_e3c823f3_60 ran in 24.376837993s

2023-06-02T11:24:35.649+0530	INFO	base/material.go:315	Running material Material_stripe_features_b61873d6_60

2023-06-02T11:26:31.190+0530	INFO	base/material.go:325	Material Material_stripe_features_b61873d6_60 ran in 1m55.613737104s

2023-06-02T11:26:34.771+0530	INFO	base/interfaces.go:244	Compiled model. Material_stripe_id_stitcher_e3c823f3_60 to output/dev/seq_no/60/Material_stripe_id_stitcher_e3c823f3_60.sql. 


2023-06-02T11:34:46.906+0530	INFO	core/project.go:645	default idModel not required for entity user

2023-06-02T11:34:47.069+0530	INFO	run/run.go:41	Checking required schema access

2023-06-02T11:38:28.561+0530	INFO	base/interfaces.go:244	Compiled model. Material_stripe_features_b61873d6_62 to output/dev/seq_no/62/Material_stripe_features_b61873d6_62.sql. 


2023-06-02T11:38:31.843+0530	INFO	base/material.go:272	Preparing material Material_stripe_features_b61873d6_62

2023-06-02T11:38:34.724+0530	INFO	base/material.go:272	Preparing material Material_stripe_id_stitcher_e3c823f3_62

2023-06-02T11:38:35.120+0530	INFO	base/material.go:315	Running material Material_stripe_id_stitcher_e3c823f3_62

2023-06-02T11:39:02.560+0530	INFO	base/material.go:325	Material Material_stripe_id_stitcher_e3c823f3_62 ran in 27.44149794s

2023-06-02T11:39:06.970+0530	INFO	base/material.go:315	Running material Material_stripe_features_b61873d6_62

2023-06-02T11:41:12.293+0530	INFO	base/material.go:325	Material Material_stripe_features_b61873d6_62 ran in 2m5.241093043s

2023-06-02T11:41:16.547+0530	INFO	base/interfaces.go:244	Compiled model. Material_stripe_id_stitcher_e3c823f3_62 to output/dev/seq_no/62/Material_stripe_id_stitcher_e3c823f3_62.sql. 


2023-06-02T13:47:15.114+0530	INFO	core/project.go:645	default idModel not required for entity user

2023-06-02T13:47:15.284+0530	INFO	run/run.go:41	Checking required schema access

2023-06-02T13:50:49.756+0530	INFO	base/interfaces.go:244	Compiled model. Material_stripe_features_8568c145_63 to output/dev/seq_no/63/Material_stripe_features_8568c145_63.sql. 


2023-06-02T13:50:52.583+0530	INFO	base/material.go:272	Preparing material Material_stripe_features_8568c145_63

2023-06-02T13:50:55.352+0530	INFO	base/material.go:272	Preparing material Material_stripe_id_stitcher_e3c823f3_63

2023-06-02T13:50:55.756+0530	INFO	base/material.go:315	Running material Material_stripe_id_stitcher_e3c823f3_63

2023-06-02T13:51:23.916+0530	INFO	base/material.go:325	Material Material_stripe_id_stitcher_e3c823f3_63 ran in 28.160506288s

2023-06-02T13:51:28.121+0530	INFO	base/material.go:315	Running material Material_stripe_features_8568c145_63

2023-06-02T13:53:47.487+0530	INFO	base/material.go:325	Material Material_stripe_features_8568c145_63 ran in 2m19.369905844s

2023-06-02T13:53:51.272+0530	INFO	base/interfaces.go:244	Compiled model. Material_stripe_id_stitcher_e3c823f3_63 to output/dev/seq_no/63/Material_stripe_id_stitcher_e3c823f3_63.sql. 


